<?xml version="1.0" encoding="UTF-8"?>
<testsuite name="tourGuide.TestPerformance" tests="4" skipped="0" failures="0" errors="0" timestamp="2021-03-17T21:49:25" hostname="LAPTOP-O34I53V9" time="0.787">
  <properties/>
  <testcase name="highVolumeGetFiveNearAttractions" classname="tourGuide.TestPerformance" time="0.042"/>
  <testcase name="highVolumeTrackLocation" classname="tourGuide.TestPerformance" time="0.1"/>
  <testcase name="highVolumeGetRewards" classname="tourGuide.TestPerformance" time="0.225"/>
  <testcase name="highVolumeGetAllUsersLocation" classname="tourGuide.TestPerformance" time="0.058"/>
  <system-out><![CDATA[2021-03-17 22:49:25.207 warn 25144 --- [    Test worker] tourGuide.service.TestService            : TestMode enabled
2021-03-17 22:49:25.220 warn 25144 --- [    Test worker] tourGuide.service.TestService            : TestMode enabled
highVolumeGetFive: Time Elapsed: 0 seconds.
2021-03-17 22:49:25.279 warn 25144 --- [    Test worker] tourGuide.service.TestService            : TestMode enabled
2021-03-17 22:49:25.292 warn 25144 --- [    Test worker] tourGuide.service.TestService            : TestMode enabled
highVolumeTrackLocation: Time Elapsed: 0 seconds.
2021-03-17 22:49:25.544 warn 25144 --- [    Test worker] tourGuide.service.TestService            : TestMode enabled
2021-03-17 22:49:25.558 warn 25144 --- [    Test worker] tourGuide.service.TestService            : TestMode enabled
highVolumeGetRewards: Time Elapsed: 0 seconds.
2021-03-17 22:49:25.918 warn 25144 --- [    Test worker] tourGuide.service.TestService            : TestMode enabled
2021-03-17 22:49:25.960 warn 25144 --- [    Test worker] tourGuide.service.TestService            : TestMode enabled
highVolumeGetAllUsers: Time Elapsed: 0 seconds.
]]></system-out>
  <system-err><![CDATA[]]></system-err>
</testsuite>
