<?xml version="1.0" encoding="UTF-8"?>
<testsuite name="tourGuide.TestRewardsService" tests="1" skipped="0" failures="0" errors="0" timestamp="2021-03-18T16:08:10" hostname="LAPTOP-O34I53V9" time="13.381">
  <properties/>
  <testcase name="testCalculateRewards" classname="tourGuide.TestRewardsService" time="13.381"/>
  <system-out><![CDATA[17:08:10.256 [Test worker] INFO tourGuide.service.TestService - TestMode enabled
17:08:10.265 [Test worker] DEBUG tourGuide.service.TestService - Initializing users
17:08:10.373 [Test worker] DEBUG tourGuide.service.TestService - Created 100 internal test users.
17:08:10.373 [Test worker] DEBUG tourGuide.service.TestService - Finished initializing users
17:08:10.383 [pool-1-thread-1] DEBUG tourGuide.tracker.Tracker - Begin Tracker. Tracking 100 users.
17:08:11.178 [Test worker] DEBUG org.springframework.web.client.RestTemplate - HTTP GET http://localhost:5000/distance?location1=%7B%22longitude%22:33.817595,%22latitude%22:-117.922008%7D&location2=%7B%22longitude%22:55.032926,%22latitude%22:-37.031999%7D
17:08:11.199 [Test worker] DEBUG org.springframework.web.client.RestTemplate - Accept=[application/json, application/*+json]
17:08:11.219 [Test worker] DEBUG org.springframework.web.client.RestTemplate - Response 200 OK
17:08:11.226 [Test worker] DEBUG org.springframework.web.client.RestTemplate - Reading to [java.lang.Double]
17:08:11.530 [Test worker] DEBUG org.springframework.web.client.RestTemplate - HTTP GET http://localhost:5000/distance?location1=%7B%22longitude%22:43.582767,%22latitude%22:-110.821999%7D&location2=%7B%22longitude%22:55.032926,%22latitude%22:-37.031999%7D
17:08:11.531 [Test worker] DEBUG org.springframework.web.client.RestTemplate - Accept=[application/json, application/*+json]
17:08:11.539 [Test worker] DEBUG org.springframework.web.client.RestTemplate - Response 200 OK
17:08:11.540 [Test worker] DEBUG org.springframework.web.client.RestTemplate - Reading to [java.lang.Double]
17:08:11.603 [Test worker] DEBUG org.springframework.web.client.RestTemplate - HTTP GET http://localhost:5000/distance?location1=%7B%22longitude%22:35.141689,%22latitude%22:-115.510399%7D&location2=%7B%22longitude%22:55.032926,%22latitude%22:-37.031999%7D
17:08:11.604 [Test worker] DEBUG org.springframework.web.client.RestTemplate - Accept=[application/json, application/*+json]
17:08:11.606 [Test worker] DEBUG org.springframework.web.client.RestTemplate - Response 200 OK
17:08:11.607 [Test worker] DEBUG org.springframework.web.client.RestTemplate - Reading to [java.lang.Double]
17:08:11.738 [Test worker] DEBUG org.springframework.web.client.RestTemplate - HTTP GET http://localhost:5000/distance?location1=%7B%22longitude%22:33.881866,%22latitude%22:-115.90065%7D&location2=%7B%22longitude%22:55.032926,%22latitude%22:-37.031999%7D
17:08:11.738 [Test worker] DEBUG org.springframework.web.client.RestTemplate - Accept=[application/json, application/*+json]
17:08:11.741 [Test worker] DEBUG org.springframework.web.client.RestTemplate - Response 200 OK
17:08:11.742 [Test worker] DEBUG org.springframework.web.client.RestTemplate - Reading to [java.lang.Double]
17:08:11.983 [Test worker] DEBUG org.springframework.web.client.RestTemplate - HTTP GET http://localhost:5000/distance?location1=%7B%22longitude%22:35.985512,%22latitude%22:-92.757652%7D&location2=%7B%22longitude%22:55.032926,%22latitude%22:-37.031999%7D
17:08:11.984 [Test worker] DEBUG org.springframework.web.client.RestTemplate - Accept=[application/json, application/*+json]
17:08:11.990 [Test worker] DEBUG org.springframework.web.client.RestTemplate - Response 200 OK
17:08:11.991 [Test worker] DEBUG org.springframework.web.client.RestTemplate - Reading to [java.lang.Double]
17:08:12.238 [Test worker] DEBUG org.springframework.web.client.RestTemplate - HTTP GET http://localhost:5000/distance?location1=%7B%22longitude%22:34.52153,%22latitude%22:-93.042267%7D&location2=%7B%22longitude%22:55.032926,%22latitude%22:-37.031999%7D
17:08:12.238 [Test worker] DEBUG org.springframework.web.client.RestTemplate - Accept=[application/json, application/*+json]
17:08:12.241 [Test worker] DEBUG org.springframework.web.client.RestTemplate - Response 200 OK
17:08:12.242 [Test worker] DEBUG org.springframework.web.client.RestTemplate - Reading to [java.lang.Double]
17:08:12.973 [Test worker] DEBUG org.springframework.web.client.RestTemplate - HTTP GET http://localhost:5000/distance?location1=%7B%22longitude%22:31.837551,%22latitude%22:-110.347382%7D&location2=%7B%22longitude%22:55.032926,%22latitude%22:-37.031999%7D
17:08:12.974 [Test worker] DEBUG org.springframework.web.client.RestTemplate - Accept=[application/json, application/*+json]
17:08:12.976 [Test worker] DEBUG org.springframework.web.client.RestTemplate - Response 200 OK
17:08:12.977 [Test worker] DEBUG org.springframework.web.client.RestTemplate - Reading to [java.lang.Double]
17:08:13.765 [Test worker] DEBUG org.springframework.web.client.RestTemplate - HTTP GET http://localhost:5000/distance?location1=%7B%22longitude%22:39.937778,%22latitude%22:-82.40667%7D&location2=%7B%22longitude%22:55.032926,%22latitude%22:-37.031999%7D
17:08:13.765 [Test worker] DEBUG org.springframework.web.client.RestTemplate - Accept=[application/json, application/*+json]
17:08:13.767 [Test worker] DEBUG org.springframework.web.client.RestTemplate - Response 200 OK
17:08:13.768 [Test worker] DEBUG org.springframework.web.client.RestTemplate - Reading to [java.lang.Double]
17:08:14.655 [Test worker] DEBUG org.springframework.web.client.RestTemplate - HTTP GET http://localhost:5000/distance?location1=%7B%22longitude%22:37.131527,%22latitude%22:-84.07486%7D&location2=%7B%22longitude%22:55.032926,%22latitude%22:-37.031999%7D
17:08:14.655 [Test worker] DEBUG org.springframework.web.client.RestTemplate - Accept=[application/json, application/*+json]
17:08:14.663 [Test worker] DEBUG org.springframework.web.client.RestTemplate - Response 200 OK
17:08:14.664 [Test worker] DEBUG org.springframework.web.client.RestTemplate - Reading to [java.lang.Double]
17:08:15.598 [Test worker] DEBUG org.springframework.web.client.RestTemplate - HTTP GET http://localhost:5000/distance?location1=%7B%22longitude%22:61.218887,%22latitude%22:-149.877502%7D&location2=%7B%22longitude%22:55.032926,%22latitude%22:-37.031999%7D
17:08:15.598 [Test worker] DEBUG org.springframework.web.client.RestTemplate - Accept=[application/json, application/*+json]
17:08:15.601 [Test worker] DEBUG org.springframework.web.client.RestTemplate - Response 200 OK
17:08:15.602 [Test worker] DEBUG org.springframework.web.client.RestTemplate - Reading to [java.lang.Double]
17:08:15.617 [Test worker] DEBUG org.springframework.web.client.RestTemplate - HTTP GET http://localhost:5000/distance?location1=%7B%22longitude%22:40.741112,%22latitude%22:-73.989723%7D&location2=%7B%22longitude%22:55.032926,%22latitude%22:-37.031999%7D
17:08:15.618 [Test worker] DEBUG org.springframework.web.client.RestTemplate - Accept=[application/json, application/*+json]
17:08:15.620 [Test worker] DEBUG org.springframework.web.client.RestTemplate - Response 200 OK
17:08:15.621 [Test worker] DEBUG org.springframework.web.client.RestTemplate - Reading to [java.lang.Double]
17:08:16.030 [Test worker] DEBUG org.springframework.web.client.RestTemplate - HTTP GET http://localhost:5000/distance?location1=%7B%22longitude%22:39.906113,%22latitude%22:-79.468056%7D&location2=%7B%22longitude%22:55.032926,%22latitude%22:-37.031999%7D
17:08:16.030 [Test worker] DEBUG org.springframework.web.client.RestTemplate - Accept=[application/json, application/*+json]
17:08:16.033 [Test worker] DEBUG org.springframework.web.client.RestTemplate - Response 200 OK
17:08:16.033 [Test worker] DEBUG org.springframework.web.client.RestTemplate - Reading to [java.lang.Double]
17:08:16.866 [Test worker] DEBUG org.springframework.web.client.RestTemplate - HTTP GET http://localhost:5000/distance?location1=%7B%22longitude%22:38.897095,%22latitude%22:-77.006332%7D&location2=%7B%22longitude%22:55.032926,%22latitude%22:-37.031999%7D
17:08:16.866 [Test worker] DEBUG org.springframework.web.client.RestTemplate - Accept=[application/json, application/*+json]
17:08:16.873 [Test worker] DEBUG org.springframework.web.client.RestTemplate - Response 200 OK
17:08:16.875 [Test worker] DEBUG org.springframework.web.client.RestTemplate - Reading to [java.lang.Double]
17:08:17.623 [Test worker] DEBUG org.springframework.web.client.RestTemplate - HTTP GET http://localhost:5000/distance?location1=%7B%22longitude%22:26.890959,%22latitude%22:-80.116577%7D&location2=%7B%22longitude%22:55.032926,%22latitude%22:-37.031999%7D
17:08:17.624 [Test worker] DEBUG org.springframework.web.client.RestTemplate - Accept=[application/json, application/*+json]
17:08:17.628 [Test worker] DEBUG org.springframework.web.client.RestTemplate - Response 200 OK
17:08:17.630 [Test worker] DEBUG org.springframework.web.client.RestTemplate - Reading to [java.lang.Double]
17:08:17.912 [Test worker] DEBUG org.springframework.web.client.RestTemplate - HTTP GET http://localhost:5000/distance?location1=%7B%22longitude%22:30.283682,%22latitude%22:-97.732536%7D&location2=%7B%22longitude%22:55.032926,%22latitude%22:-37.031999%7D
17:08:17.913 [Test worker] DEBUG org.springframework.web.client.RestTemplate - Accept=[application/json, application/*+json]
17:08:17.915 [Test worker] DEBUG org.springframework.web.client.RestTemplate - Response 200 OK
17:08:17.915 [Test worker] DEBUG org.springframework.web.client.RestTemplate - Reading to [java.lang.Double]
17:08:18.246 [Test worker] DEBUG org.springframework.web.client.RestTemplate - HTTP GET http://localhost:5000/distance?location1=%7B%22longitude%22:33.208973,%22latitude%22:-87.550438%7D&location2=%7B%22longitude%22:55.032926,%22latitude%22:-37.031999%7D
17:08:18.247 [Test worker] DEBUG org.springframework.web.client.RestTemplate - Accept=[application/json, application/*+json]
17:08:18.258 [Test worker] DEBUG org.springframework.web.client.RestTemplate - Response 200 OK
17:08:18.259 [Test worker] DEBUG org.springframework.web.client.RestTemplate - Reading to [java.lang.Double]
17:08:18.723 [Test worker] DEBUG org.springframework.web.client.RestTemplate - HTTP GET http://localhost:5000/distance?location1=%7B%22longitude%22:30.412035,%22latitude%22:-91.183815%7D&location2=%7B%22longitude%22:55.032926,%22latitude%22:-37.031999%7D
17:08:18.724 [Test worker] DEBUG org.springframework.web.client.RestTemplate - Accept=[application/json, application/*+json]
17:08:18.728 [Test worker] DEBUG org.springframework.web.client.RestTemplate - Response 200 OK
17:08:18.730 [Test worker] DEBUG org.springframework.web.client.RestTemplate - Reading to [java.lang.Double]
17:08:19.282 [Test worker] DEBUG org.springframework.web.client.RestTemplate - HTTP GET http://localhost:5000/distance?location1=%7B%22longitude%22:35.955013,%22latitude%22:-83.925011%7D&location2=%7B%22longitude%22:55.032926,%22latitude%22:-37.031999%7D
17:08:19.283 [Test worker] DEBUG org.springframework.web.client.RestTemplate - Accept=[application/json, application/*+json]
17:08:19.286 [Test worker] DEBUG org.springframework.web.client.RestTemplate - Response 200 OK
17:08:19.286 [Test worker] DEBUG org.springframework.web.client.RestTemplate - Reading to [java.lang.Double]
17:08:19.292 [Test worker] DEBUG org.springframework.web.client.RestTemplate - HTTP GET http://localhost:5000/distance?location1=%7B%22longitude%22:30.61025,%22latitude%22:-96.339844%7D&location2=%7B%22longitude%22:55.032926,%22latitude%22:-37.031999%7D
17:08:19.293 [Test worker] DEBUG org.springframework.web.client.RestTemplate - Accept=[application/json, application/*+json]
17:08:19.294 [Test worker] DEBUG org.springframework.web.client.RestTemplate - Response 200 OK
17:08:19.295 [Test worker] DEBUG org.springframework.web.client.RestTemplate - Reading to [java.lang.Double]
17:08:20.214 [Test worker] DEBUG org.springframework.web.client.RestTemplate - HTTP GET http://localhost:5000/distance?location1=%7B%22longitude%22:32.735317,%22latitude%22:-117.149048%7D&location2=%7B%22longitude%22:55.032926,%22latitude%22:-37.031999%7D
17:08:20.214 [Test worker] DEBUG org.springframework.web.client.RestTemplate - Accept=[application/json, application/*+json]
17:08:20.217 [Test worker] DEBUG org.springframework.web.client.RestTemplate - Response 200 OK
17:08:20.218 [Test worker] DEBUG org.springframework.web.client.RestTemplate - Reading to [java.lang.Double]
17:08:21.032 [Test worker] DEBUG org.springframework.web.client.RestTemplate - HTTP GET http://localhost:5000/distance?location1=%7B%22longitude%22:28.012804,%22latitude%22:-82.469269%7D&location2=%7B%22longitude%22:55.032926,%22latitude%22:-37.031999%7D
17:08:21.032 [Test worker] DEBUG org.springframework.web.client.RestTemplate - Accept=[application/json, application/*+json]
17:08:21.035 [Test worker] DEBUG org.springframework.web.client.RestTemplate - Response 200 OK
17:08:21.035 [Test worker] DEBUG org.springframework.web.client.RestTemplate - Reading to [java.lang.Double]
17:08:21.066 [Test worker] DEBUG org.springframework.web.client.RestTemplate - HTTP GET http://localhost:5000/distance?location1=%7B%22longitude%22:42.302601,%22latitude%22:-71.086731%7D&location2=%7B%22longitude%22:55.032926,%22latitude%22:-37.031999%7D
17:08:21.066 [Test worker] DEBUG org.springframework.web.client.RestTemplate - Accept=[application/json, application/*+json]
17:08:21.068 [Test worker] DEBUG org.springframework.web.client.RestTemplate - Response 200 OK
17:08:21.068 [Test worker] DEBUG org.springframework.web.client.RestTemplate - Reading to [java.lang.Double]
17:08:21.457 [Test worker] DEBUG org.springframework.web.client.RestTemplate - HTTP GET http://localhost:5000/distance?location1=%7B%22longitude%22:31.769125,%22latitude%22:-106.44487%7D&location2=%7B%22longitude%22:55.032926,%22latitude%22:-37.031999%7D
17:08:21.458 [Test worker] DEBUG org.springframework.web.client.RestTemplate - Accept=[application/json, application/*+json]
17:08:21.460 [Test worker] DEBUG org.springframework.web.client.RestTemplate - Response 200 OK
17:08:21.460 [Test worker] DEBUG org.springframework.web.client.RestTemplate - Reading to [java.lang.Double]
17:08:22.407 [Test worker] DEBUG org.springframework.web.client.RestTemplate - HTTP GET http://localhost:5000/distance?location1=%7B%22longitude%22:39.007504,%22latitude%22:-94.529625%7D&location2=%7B%22longitude%22:55.032926,%22latitude%22:-37.031999%7D
17:08:22.407 [Test worker] DEBUG org.springframework.web.client.RestTemplate - Accept=[application/json, application/*+json]
17:08:22.414 [Test worker] DEBUG org.springframework.web.client.RestTemplate - Response 200 OK
17:08:22.414 [Test worker] DEBUG org.springframework.web.client.RestTemplate - Reading to [java.lang.Double]
17:08:22.589 [Test worker] DEBUG org.springframework.web.client.RestTemplate - HTTP GET http://localhost:5000/distance?location1=%7B%22longitude%22:40.852905,%22latitude%22:-73.872971%7D&location2=%7B%22longitude%22:55.032926,%22latitude%22:-37.031999%7D
17:08:22.589 [Test worker] DEBUG org.springframework.web.client.RestTemplate - Accept=[application/json, application/*+json]
17:08:22.591 [Test worker] DEBUG org.springframework.web.client.RestTemplate - Response 200 OK
17:08:22.592 [Test worker] DEBUG org.springframework.web.client.RestTemplate - Reading to [java.lang.Double]
17:08:22.999 [Test worker] DEBUG org.springframework.web.client.RestTemplate - HTTP GET http://localhost:5000/distance?location1=%7B%22longitude%22:28.419411,%22latitude%22:-81.5812%7D&location2=%7B%22longitude%22:55.032926,%22latitude%22:-37.031999%7D
17:08:22.999 [Test worker] DEBUG org.springframework.web.client.RestTemplate - Accept=[application/json, application/*+json]
17:08:23.002 [Test worker] DEBUG org.springframework.web.client.RestTemplate - Response 200 OK
17:08:23.003 [Test worker] DEBUG org.springframework.web.client.RestTemplate - Reading to [java.lang.Double]
17:08:23.741 [Test worker] DEBUG tourGuide.tracker.Tracker - Stop Tracker.
]]></system-out>
  <system-err><![CDATA[mars 18, 2021 5:08:10 PM org.javamoney.moneta.DefaultMonetaryContextFactory createMonetaryContextNonNullConfig
INFOS: Using custom MathContext: precision=256, roundingMode=HALF_EVEN
]]></system-err>
</testsuite>
