<?xml version="1.0" encoding="UTF-8"?>
<testsuite name="tourGuide.AttractionsControllerTest" tests="1" skipped="0" failures="0" errors="0" timestamp="2021-03-17T22:33:06" hostname="LAPTOP-O34I53V9" time="0.234">
  <properties/>
  <testcase name="getFiveNearByAttractionsShouldReturnOk" classname="tourGuide.AttractionsControllerTest" time="0.234"/>
  <system-out><![CDATA[23:32:59.640 [Test worker] DEBUG org.springframework.test.context.junit4.SpringJUnit4ClassRunner - SpringJUnit4ClassRunner constructor called with [class tourGuide.AttractionsControllerTest]
23:32:59.646 [Test worker] DEBUG org.springframework.test.context.BootstrapUtils - Instantiating CacheAwareContextLoaderDelegate from class [org.springframework.test.context.cache.DefaultCacheAwareContextLoaderDelegate]
23:32:59.654 [Test worker] DEBUG org.springframework.test.context.BootstrapUtils - Instantiating BootstrapContext using constructor [public org.springframework.test.context.support.DefaultBootstrapContext(java.lang.Class,org.springframework.test.context.CacheAwareContextLoaderDelegate)]
23:32:59.696 [Test worker] DEBUG org.springframework.test.context.BootstrapUtils - Instantiating TestContextBootstrapper for test class [tourGuide.AttractionsControllerTest] from class [org.springframework.boot.test.autoconfigure.web.servlet.WebMvcTestContextBootstrapper]
23:32:59.736 [Test worker] INFO org.springframework.boot.test.autoconfigure.web.servlet.WebMvcTestContextBootstrapper - Neither @ContextConfiguration nor @ContextHierarchy found for test class [tourGuide.AttractionsControllerTest], using SpringBootContextLoader
23:32:59.745 [Test worker] DEBUG org.springframework.test.context.support.AbstractContextLoader - Did not detect default resource location for test class [tourGuide.AttractionsControllerTest]: class path resource [tourGuide/AttractionsControllerTest-context.xml] does not exist
23:32:59.746 [Test worker] DEBUG org.springframework.test.context.support.AbstractContextLoader - Did not detect default resource location for test class [tourGuide.AttractionsControllerTest]: class path resource [tourGuide/AttractionsControllerTestContext.groovy] does not exist
23:32:59.748 [Test worker] INFO org.springframework.test.context.support.AbstractContextLoader - Could not detect default resource locations for test class [tourGuide.AttractionsControllerTest]: no resource found for suffixes {-context.xml, Context.groovy}.
23:32:59.750 [Test worker] INFO org.springframework.test.context.support.AnnotationConfigContextLoaderUtils - Could not detect default configuration classes for test class [tourGuide.AttractionsControllerTest]: AttractionsControllerTest does not declare any static, non-private, non-final, nested classes annotated with @Configuration.
23:32:59.970 [Test worker] DEBUG org.springframework.test.context.support.ActiveProfilesUtils - Could not find an 'annotation declaring class' for annotation type [org.springframework.test.context.ActiveProfiles] and class [tourGuide.AttractionsControllerTest]
23:33:00.155 [Test worker] DEBUG org.springframework.context.annotation.ClassPathScanningCandidateComponentProvider - Identified candidate component class: file [D:\DAJ - Projet 8\JavaPathENProject8-master\TourGuide\build\classes\java\main\tourGuide\Application.class]
23:33:00.163 [Test worker] INFO org.springframework.boot.test.context.SpringBootTestContextBootstrapper - Found @SpringBootConfiguration tourGuide.Application for test class tourGuide.AttractionsControllerTest
23:33:00.169 [Test worker] DEBUG org.springframework.boot.test.autoconfigure.web.servlet.WebMvcTestContextBootstrapper - @TestExecutionListeners is not present for class [tourGuide.AttractionsControllerTest]: using defaults.
23:33:00.170 [Test worker] INFO org.springframework.boot.test.autoconfigure.web.servlet.WebMvcTestContextBootstrapper - Loaded default TestExecutionListener class names from location [META-INF/spring.factories]: [org.springframework.boot.test.autoconfigure.restdocs.RestDocsTestExecutionListener, org.springframework.boot.test.autoconfigure.web.client.MockRestServiceServerResetTestExecutionListener, org.springframework.boot.test.autoconfigure.web.servlet.MockMvcPrintOnlyOnFailureTestExecutionListener, org.springframework.boot.test.autoconfigure.web.servlet.WebDriverTestExecutionListener, org.springframework.boot.test.mock.mockito.MockitoTestExecutionListener, org.springframework.boot.test.mock.mockito.ResetMocksTestExecutionListener, org.springframework.test.context.web.ServletTestExecutionListener, org.springframework.test.context.support.DirtiesContextBeforeModesTestExecutionListener, org.springframework.test.context.support.DependencyInjectionTestExecutionListener, org.springframework.test.context.support.DirtiesContextTestExecutionListener, org.springframework.test.context.transaction.TransactionalTestExecutionListener, org.springframework.test.context.jdbc.SqlScriptsTestExecutionListener]
23:33:00.202 [Test worker] DEBUG org.springframework.boot.test.autoconfigure.web.servlet.WebMvcTestContextBootstrapper - Skipping candidate TestExecutionListener [org.springframework.test.context.transaction.TransactionalTestExecutionListener] due to a missing dependency. Specify custom listener classes or make the default listener classes and their required dependencies available. Offending class: [org/springframework/transaction/interceptor/TransactionAttributeSource]
23:33:00.204 [Test worker] DEBUG org.springframework.boot.test.autoconfigure.web.servlet.WebMvcTestContextBootstrapper - Skipping candidate TestExecutionListener [org.springframework.test.context.jdbc.SqlScriptsTestExecutionListener] due to a missing dependency. Specify custom listener classes or make the default listener classes and their required dependencies available. Offending class: [org/springframework/transaction/interceptor/TransactionAttribute]
23:33:00.204 [Test worker] INFO org.springframework.boot.test.autoconfigure.web.servlet.WebMvcTestContextBootstrapper - Using TestExecutionListeners: [org.springframework.test.context.web.ServletTestExecutionListener@3f1c98b7, org.springframework.test.context.support.DirtiesContextBeforeModesTestExecutionListener@4c27aed7, org.springframework.boot.test.mock.mockito.MockitoTestExecutionListener@504678e0, org.springframework.boot.test.autoconfigure.SpringBootDependencyInjectionTestExecutionListener@2f121815, org.springframework.test.context.support.DirtiesContextTestExecutionListener@7410f460, org.springframework.boot.test.autoconfigure.restdocs.RestDocsTestExecutionListener@5b0bd23, org.springframework.boot.test.autoconfigure.web.client.MockRestServiceServerResetTestExecutionListener@66d2540d, org.springframework.boot.test.autoconfigure.web.servlet.MockMvcPrintOnlyOnFailureTestExecutionListener@593f3a72, org.springframework.boot.test.autoconfigure.web.servlet.WebDriverTestExecutionListener@2a7f76c1, org.springframework.boot.test.mock.mockito.ResetMocksTestExecutionListener@2a269f08]
23:33:00.209 [Test worker] DEBUG org.springframework.test.annotation.ProfileValueUtils - Retrieved @ProfileValueSourceConfiguration [null] for test class [tourGuide.AttractionsControllerTest]
23:33:00.211 [Test worker] DEBUG org.springframework.test.annotation.ProfileValueUtils - Retrieved ProfileValueSource type [class org.springframework.test.annotation.SystemProfileValueSource] for class [tourGuide.AttractionsControllerTest]
23:33:00.211 [Test worker] DEBUG org.springframework.test.annotation.ProfileValueUtils - Retrieved @ProfileValueSourceConfiguration [null] for test class [tourGuide.AttractionsControllerTest]
23:33:00.212 [Test worker] DEBUG org.springframework.test.annotation.ProfileValueUtils - Retrieved ProfileValueSource type [class org.springframework.test.annotation.SystemProfileValueSource] for class [tourGuide.AttractionsControllerTest]
23:33:00.221 [Test worker] DEBUG org.springframework.test.context.support.AbstractDirtiesContextTestExecutionListener - Before test class: context [DefaultTestContext@fff1292 testClass = AttractionsControllerTest, testInstance = [null], testMethod = [null], testException = [null], mergedContextConfiguration = [WebMergedContextConfiguration@210575cd testClass = AttractionsControllerTest, locations = '{}', classes = '{class tourGuide.Application}', contextInitializerClasses = '[]', activeProfiles = '{}', propertySourceLocations = '{}', propertySourceProperties = '{org.springframework.boot.test.autoconfigure.web.servlet.WebMvcTestContextBootstrapper=true}', contextCustomizers = set[org.springframework.boot.test.autoconfigure.OverrideAutoConfigurationContextCustomizerFactory$DisableAutoConfigurationContextCustomizer@36d63b9b, org.springframework.boot.test.autoconfigure.filter.TypeExcludeFiltersContextCustomizer@826306f2, org.springframework.boot.test.autoconfigure.properties.PropertyMappingContextCustomizer@a230a246, org.springframework.boot.test.autoconfigure.web.servlet.WebDriverContextCustomizerFactory$Customizer@2a89a6b4, [ImportsContextCustomizer@246df970 key = [org.springframework.boot.autoconfigure.cache.CacheAutoConfiguration, org.springframework.boot.autoconfigure.context.MessageSourceAutoConfiguration, org.springframework.boot.autoconfigure.data.web.SpringDataWebAutoConfiguration, org.springframework.boot.autoconfigure.freemarker.FreeMarkerAutoConfiguration, org.springframework.boot.autoconfigure.groovy.template.GroovyTemplateAutoConfiguration, org.springframework.boot.autoconfigure.gson.GsonAutoConfiguration, org.springframework.boot.autoconfigure.hateoas.HypermediaAutoConfiguration, org.springframework.boot.autoconfigure.http.HttpMessageConvertersAutoConfiguration, org.springframework.boot.autoconfigure.jackson.JacksonAutoConfiguration, org.springframework.boot.autoconfigure.jsonb.JsonbAutoConfiguration, org.springframework.boot.autoconfigure.mustache.MustacheAutoConfiguration, org.springframework.boot.autoconfigure.task.TaskExecutionAutoConfiguration, org.springframework.boot.autoconfigure.thymeleaf.ThymeleafAutoConfiguration, org.springframework.boot.autoconfigure.validation.ValidationAutoConfiguration, org.springframework.boot.autoconfigure.web.servlet.error.ErrorMvcAutoConfiguration, org.springframework.boot.autoconfigure.web.servlet.WebMvcAutoConfiguration, org.springframework.boot.test.autoconfigure.web.servlet.MockMvcAutoConfiguration, org.springframework.boot.test.autoconfigure.web.servlet.MockMvcSecurityAutoConfiguration, org.springframework.boot.test.autoconfigure.web.servlet.MockMvcWebClientAutoConfiguration, org.springframework.boot.test.autoconfigure.web.servlet.MockMvcWebDriverAutoConfiguration]], org.springframework.boot.test.context.filter.ExcludeFilterContextCustomizer@5d41cb15, org.springframework.boot.test.json.DuplicateJsonObjectContextCustomizerFactory$DuplicateJsonObjectContextCustomizer@74fba1f0, org.springframework.boot.test.mock.mockito.MockitoContextCustomizer@3118c80c], resourceBasePath = 'src/main/webapp', contextLoader = 'org.springframework.boot.test.context.SpringBootContextLoader', parent = [null]], attributes = map[[empty]]], class annotated with @DirtiesContext [false] with mode [null].
23:33:00.222 [Test worker] DEBUG org.springframework.test.annotation.ProfileValueUtils - Retrieved @ProfileValueSourceConfiguration [null] for test class [tourGuide.AttractionsControllerTest]
23:33:00.222 [Test worker] DEBUG org.springframework.test.annotation.ProfileValueUtils - Retrieved ProfileValueSource type [class org.springframework.test.annotation.SystemProfileValueSource] for class [tourGuide.AttractionsControllerTest]
23:33:00.558 [Test worker] DEBUG org.springframework.test.context.support.TestPropertySourceUtils - Adding inlined properties to environment: {spring.jmx.enabled=false, org.springframework.boot.test.autoconfigure.web.servlet.WebMvcTestContextBootstrapper=true, server.port=-1}

  .   ____          _            __ _ _
 /\\ / ___'_ __ _ _(_)_ __  __ _ \ \ \ \
( ( )\___ | '_ | '_| | '_ \/ _` | \ \ \ \
 \\/  ___)| |_)| | | | | || (_| |  ) ) ) )
  '  |____| .__|_| |_|_| |_\__, | / / / /
 =========|_|==============|___/=/_/_/_/
 :: Spring Boot ::        (v2.1.6.RELEASE)

2021-03-17 23:33:01.356 warn 2512 --- [    Test worker] ory$DuplicateJsonObjectContextCustomizer : 

Found multiple occurrences of org.json.JSONObject on the class path:

	jar:file:/C:/Users/hfx28/.gradle/caches/modules-2/files-2.1/org.json/json/20201115/f8e7a9953822c90e0701c3cd50764b5e9063f85c/json-20201115.jar!/org/json/JSONObject.class
	jar:file:/C:/Users/hfx28/.gradle/caches/modules-2/files-2.1/com.vaadin.external.google/android-json/0.0.20131108.vaadin1/fa26d351fe62a6a17f5cda1287c1c6110dec413f/android-json-0.0.20131108.vaadin1.jar!/org/json/JSONObject.class

You may wish to exclude one of them to ensure predictable runtime behavior

2021-03-17 23:33:01.389 warn 2512 --- [    Test worker] tourGuide.AttractionsControllerTest      : Starting AttractionsControllerTest on LAPTOP-O34I53V9 with PID 2512 (started by hfx28 in D:\DAJ - Projet 8\JavaPathENProject8-master\TourGuide)
2021-03-17 23:33:01.396 warn 2512 --- [    Test worker] tourGuide.AttractionsControllerTest      : No active profile set, falling back to default profiles: default
2021-03-17 23:33:05.848 warn 2512 --- [    Test worker] o.s.s.concurrent.ThreadPoolTaskExecutor  : Initializing ExecutorService 'applicationTaskExecutor'
2021-03-17 23:33:06.495 warn 2512 --- [    Test worker] o.s.b.t.m.w.SpringBootMockServletContext : Initializing Spring TestDispatcherServlet ''
2021-03-17 23:33:06.496 warn 2512 --- [    Test worker] o.s.t.web.servlet.TestDispatcherServlet  : Initializing Servlet ''
2021-03-17 23:33:06.520 warn 2512 --- [    Test worker] o.s.t.web.servlet.TestDispatcherServlet  : Completed initialization in 24 ms
2021-03-17 23:33:06.603 warn 2512 --- [    Test worker] tourGuide.AttractionsControllerTest      : Started AttractionsControllerTest in 6.019 seconds (JVM running for 27.048)
]]></system-out>
  <system-err><![CDATA[]]></system-err>
</testsuite>
