<?xml version="1.0" encoding="UTF-8"?>
<testsuite name="tourGuide.RewardsControllerTest" tests="1" skipped="0" failures="0" errors="0" timestamp="2021-03-17T21:49:25" hostname="LAPTOP-O34I53V9" time="0.014">
  <properties/>
  <testcase name="getRewardsShouldReturnOk" classname="tourGuide.RewardsControllerTest" time="0.014"/>
  <system-out><![CDATA[2021-03-17 22:49:23.091 warn 25144 --- [    Test worker] .b.t.a.w.s.WebMvcTestContextBootstrapper : Neither @ContextConfiguration nor @ContextHierarchy found for test class [tourGuide.RewardsControllerTest], using SpringBootContextLoader
2021-03-17 22:49:23.093 warn 25144 --- [    Test worker] o.s.t.c.support.AbstractContextLoader    : Could not detect default resource locations for test class [tourGuide.RewardsControllerTest]: no resource found for suffixes {-context.xml, Context.groovy}.
2021-03-17 22:49:23.093 warn 25144 --- [    Test worker] t.c.s.AnnotationConfigContextLoaderUtils : Could not detect default configuration classes for test class [tourGuide.RewardsControllerTest]: RewardsControllerTest does not declare any static, non-private, non-final, nested classes annotated with @Configuration.
2021-03-17 22:49:23.108 warn 25144 --- [    Test worker] .b.t.c.SpringBootTestContextBootstrapper : Found @SpringBootConfiguration tourGuide.Application for test class tourGuide.RewardsControllerTest
2021-03-17 22:49:23.110 warn 25144 --- [    Test worker] .b.t.a.w.s.WebMvcTestContextBootstrapper : Loaded default TestExecutionListener class names from location [META-INF/spring.factories]: [org.springframework.boot.test.autoconfigure.restdocs.RestDocsTestExecutionListener, org.springframework.boot.test.autoconfigure.web.client.MockRestServiceServerResetTestExecutionListener, org.springframework.boot.test.autoconfigure.web.servlet.MockMvcPrintOnlyOnFailureTestExecutionListener, org.springframework.boot.test.autoconfigure.web.servlet.WebDriverTestExecutionListener, org.springframework.boot.test.mock.mockito.MockitoTestExecutionListener, org.springframework.boot.test.mock.mockito.ResetMocksTestExecutionListener, org.springframework.test.context.web.ServletTestExecutionListener, org.springframework.test.context.support.DirtiesContextBeforeModesTestExecutionListener, org.springframework.test.context.support.DependencyInjectionTestExecutionListener, org.springframework.test.context.support.DirtiesContextTestExecutionListener, org.springframework.test.context.transaction.TransactionalTestExecutionListener, org.springframework.test.context.jdbc.SqlScriptsTestExecutionListener]
2021-03-17 22:49:23.113 warn 25144 --- [    Test worker] .b.t.a.w.s.WebMvcTestContextBootstrapper : Using TestExecutionListeners: [org.springframework.test.context.web.ServletTestExecutionListener@690f1203, org.springframework.test.context.support.DirtiesContextBeforeModesTestExecutionListener@50b984e5, org.springframework.boot.test.mock.mockito.MockitoTestExecutionListener@720de4f6, org.springframework.boot.test.autoconfigure.SpringBootDependencyInjectionTestExecutionListener@3f2a782a, org.springframework.test.context.support.DirtiesContextTestExecutionListener@2e24fac6, org.springframework.boot.test.autoconfigure.restdocs.RestDocsTestExecutionListener@3226cd4b, org.springframework.boot.test.autoconfigure.web.client.MockRestServiceServerResetTestExecutionListener@2f11a5ad, org.springframework.boot.test.autoconfigure.web.servlet.MockMvcPrintOnlyOnFailureTestExecutionListener@4316734d, org.springframework.boot.test.autoconfigure.web.servlet.WebDriverTestExecutionListener@4aed4323, org.springframework.boot.test.mock.mockito.ResetMocksTestExecutionListener@4e2593a0]

  .   ____          _            __ _ _
 /\\ / ___'_ __ _ _(_)_ __  __ _ \ \ \ \
( ( )\___ | '_ | '_| | '_ \/ _` | \ \ \ \
 \\/  ___)| |_)| | | | | || (_| |  ) ) ) )
  '  |____| .__|_| |_|_| |_\__, | / / / /
 =========|_|==============|___/=/_/_/_/
 :: Spring Boot ::        (v2.1.6.RELEASE)

2021-03-17 22:49:23.206 warn 25144 --- [    Test worker] ory$DuplicateJsonObjectContextCustomizer : 

Found multiple occurrences of org.json.JSONObject on the class path:

	jar:file:/C:/Users/hfx28/.gradle/caches/modules-2/files-2.1/org.json/json/20201115/f8e7a9953822c90e0701c3cd50764b5e9063f85c/json-20201115.jar!/org/json/JSONObject.class
	jar:file:/C:/Users/hfx28/.gradle/caches/modules-2/files-2.1/com.vaadin.external.google/android-json/0.0.20131108.vaadin1/fa26d351fe62a6a17f5cda1287c1c6110dec413f/android-json-0.0.20131108.vaadin1.jar!/org/json/JSONObject.class

You may wish to exclude one of them to ensure predictable runtime behavior

2021-03-17 22:49:23.209 warn 25144 --- [    Test worker] tourGuide.RewardsControllerTest          : Starting RewardsControllerTest on LAPTOP-O34I53V9 with PID 25144 (started by hfx28 in D:\DAJ - Projet 8\JavaPathENProject8-master\TourGuide)
2021-03-17 22:49:23.209 warn 25144 --- [    Test worker] tourGuide.RewardsControllerTest          : No active profile set, falling back to default profiles: default
2021-03-17 22:49:24.900 warn 25144 --- [    Test worker] o.s.s.concurrent.ThreadPoolTaskExecutor  : Initializing ExecutorService 'applicationTaskExecutor'
2021-03-17 22:49:25.143 warn 25144 --- [    Test worker] o.s.b.t.m.w.SpringBootMockServletContext : Initializing Spring TestDispatcherServlet ''
2021-03-17 22:49:25.143 warn 25144 --- [    Test worker] o.s.t.web.servlet.TestDispatcherServlet  : Initializing Servlet ''
2021-03-17 22:49:25.154 warn 25144 --- [    Test worker] o.s.t.web.servlet.TestDispatcherServlet  : Completed initialization in 11 ms
2021-03-17 22:49:25.181 warn 25144 --- [    Test worker] tourGuide.RewardsControllerTest          : Started RewardsControllerTest in 2.062 seconds (JVM running for 19.98)
]]></system-out>
  <system-err><![CDATA[]]></system-err>
</testsuite>
