<?xml version="1.0" encoding="UTF-8"?>
<testsuite name="tourGuide.TripDealsControllerTest" tests="1" skipped="0" failures="0" errors="0" timestamp="2021-03-17T22:33:18" hostname="LAPTOP-O34I53V9" time="0.036">
  <properties/>
  <testcase name="getTripDealsShouldReturnOk" classname="tourGuide.TripDealsControllerTest" time="0.036"/>
  <system-out><![CDATA[2021-03-17 23:33:14.374 warn 2512 --- [    Test worker] .b.t.a.w.s.WebMvcTestContextBootstrapper : Neither @ContextConfiguration nor @ContextHierarchy found for test class [tourGuide.TripDealsControllerTest], using SpringBootContextLoader
2021-03-17 23:33:14.380 warn 2512 --- [    Test worker] o.s.t.c.support.AbstractContextLoader    : Could not detect default resource locations for test class [tourGuide.TripDealsControllerTest]: no resource found for suffixes {-context.xml, Context.groovy}.
2021-03-17 23:33:14.381 warn 2512 --- [    Test worker] t.c.s.AnnotationConfigContextLoaderUtils : Could not detect default configuration classes for test class [tourGuide.TripDealsControllerTest]: TripDealsControllerTest does not declare any static, non-private, non-final, nested classes annotated with @Configuration.
2021-03-17 23:33:14.393 warn 2512 --- [    Test worker] .b.t.c.SpringBootTestContextBootstrapper : Found @SpringBootConfiguration tourGuide.Application for test class tourGuide.TripDealsControllerTest
2021-03-17 23:33:14.396 warn 2512 --- [    Test worker] .b.t.a.w.s.WebMvcTestContextBootstrapper : Loaded default TestExecutionListener class names from location [META-INF/spring.factories]: [org.springframework.boot.test.autoconfigure.restdocs.RestDocsTestExecutionListener, org.springframework.boot.test.autoconfigure.web.client.MockRestServiceServerResetTestExecutionListener, org.springframework.boot.test.autoconfigure.web.servlet.MockMvcPrintOnlyOnFailureTestExecutionListener, org.springframework.boot.test.autoconfigure.web.servlet.WebDriverTestExecutionListener, org.springframework.boot.test.mock.mockito.MockitoTestExecutionListener, org.springframework.boot.test.mock.mockito.ResetMocksTestExecutionListener, org.springframework.test.context.web.ServletTestExecutionListener, org.springframework.test.context.support.DirtiesContextBeforeModesTestExecutionListener, org.springframework.test.context.support.DependencyInjectionTestExecutionListener, org.springframework.test.context.support.DirtiesContextTestExecutionListener, org.springframework.test.context.transaction.TransactionalTestExecutionListener, org.springframework.test.context.jdbc.SqlScriptsTestExecutionListener]
2021-03-17 23:33:14.398 warn 2512 --- [    Test worker] .b.t.a.w.s.WebMvcTestContextBootstrapper : Using TestExecutionListeners: [org.springframework.test.context.web.ServletTestExecutionListener@3996b1f1, org.springframework.test.context.support.DirtiesContextBeforeModesTestExecutionListener@2fb63414, org.springframework.boot.test.mock.mockito.MockitoTestExecutionListener@44b8db49, org.springframework.boot.test.autoconfigure.SpringBootDependencyInjectionTestExecutionListener@562542df, org.springframework.test.context.support.DirtiesContextTestExecutionListener@5a3068d3, org.springframework.boot.test.autoconfigure.restdocs.RestDocsTestExecutionListener@44b8e115, org.springframework.boot.test.autoconfigure.web.client.MockRestServiceServerResetTestExecutionListener@46580858, org.springframework.boot.test.autoconfigure.web.servlet.MockMvcPrintOnlyOnFailureTestExecutionListener@3a1789f6, org.springframework.boot.test.autoconfigure.web.servlet.WebDriverTestExecutionListener@63b80897, org.springframework.boot.test.mock.mockito.ResetMocksTestExecutionListener@600bedbc]

  .   ____          _            __ _ _
 /\\ / ___'_ __ _ _(_)_ __  __ _ \ \ \ \
( ( )\___ | '_ | '_| | '_ \/ _` | \ \ \ \
 \\/  ___)| |_)| | | | | || (_| |  ) ) ) )
  '  |____| .__|_| |_|_| |_\__, | / / / /
 =========|_|==============|___/=/_/_/_/
 :: Spring Boot ::        (v2.1.6.RELEASE)

2021-03-17 23:33:14.557 warn 2512 --- [    Test worker] ory$DuplicateJsonObjectContextCustomizer : 

Found multiple occurrences of org.json.JSONObject on the class path:

	jar:file:/C:/Users/hfx28/.gradle/caches/modules-2/files-2.1/org.json/json/20201115/f8e7a9953822c90e0701c3cd50764b5e9063f85c/json-20201115.jar!/org/json/JSONObject.class
	jar:file:/C:/Users/hfx28/.gradle/caches/modules-2/files-2.1/com.vaadin.external.google/android-json/0.0.20131108.vaadin1/fa26d351fe62a6a17f5cda1287c1c6110dec413f/android-json-0.0.20131108.vaadin1.jar!/org/json/JSONObject.class

You may wish to exclude one of them to ensure predictable runtime behavior

2021-03-17 23:33:14.561 warn 2512 --- [    Test worker] tourGuide.TripDealsControllerTest        : Starting TripDealsControllerTest on LAPTOP-O34I53V9 with PID 2512 (started by hfx28 in D:\DAJ - Projet 8\JavaPathENProject8-master\TourGuide)
2021-03-17 23:33:14.563 warn 2512 --- [    Test worker] tourGuide.TripDealsControllerTest        : No active profile set, falling back to default profiles: default
2021-03-17 23:33:17.832 warn 2512 --- [    Test worker] o.s.s.concurrent.ThreadPoolTaskExecutor  : Initializing ExecutorService 'applicationTaskExecutor'
2021-03-17 23:33:18.380 warn 2512 --- [    Test worker] o.s.b.t.m.w.SpringBootMockServletContext : Initializing Spring TestDispatcherServlet ''
2021-03-17 23:33:18.381 warn 2512 --- [    Test worker] o.s.t.web.servlet.TestDispatcherServlet  : Initializing Servlet ''
2021-03-17 23:33:18.397 warn 2512 --- [    Test worker] o.s.t.web.servlet.TestDispatcherServlet  : Completed initialization in 16 ms
2021-03-17 23:33:18.485 warn 2512 --- [    Test worker] tourGuide.TripDealsControllerTest        : Started TripDealsControllerTest in 4.081 seconds (JVM running for 38.93)
Enterprize Ventures Limited
680.99
United Partners Vacations
349.99
Dream Trips
244.99
Dream Trips
181.99
FlyAway Trips
523.99
Enterprize Ventures Limited
414.99
United Partners Vacations
372.99
Dancing Waves Cruselines and Partners
552.99
Dancing Waves Cruselines and Partners
260.99
Dancing Waves Cruselines and Partners
299.99
]]></system-out>
  <system-err><![CDATA[]]></system-err>
</testsuite>
