<?xml version="1.0" encoding="UTF-8"?>
<testsuite name="tourGuide.LocationControllerTest" tests="2" skipped="0" failures="0" errors="0" timestamp="2021-03-17T22:33:11" hostname="LAPTOP-O34I53V9" time="0.024">
  <properties/>
  <testcase name="getGetLocationShouldReturnOk" classname="tourGuide.LocationControllerTest" time="0.012"/>
  <testcase name="getAllUsersLocationsShouldReturnOk" classname="tourGuide.LocationControllerTest" time="0.009"/>
  <system-out><![CDATA[2021-03-17 23:33:10.037 warn 2512 --- [    Test worker] .b.t.a.w.s.WebMvcTestContextBootstrapper : Neither @ContextConfiguration nor @ContextHierarchy found for test class [tourGuide.LocationControllerTest], using SpringBootContextLoader
2021-03-17 23:33:10.039 warn 2512 --- [    Test worker] o.s.t.c.support.AbstractContextLoader    : Could not detect default resource locations for test class [tourGuide.LocationControllerTest]: no resource found for suffixes {-context.xml, Context.groovy}.
2021-03-17 23:33:10.039 warn 2512 --- [    Test worker] t.c.s.AnnotationConfigContextLoaderUtils : Could not detect default configuration classes for test class [tourGuide.LocationControllerTest]: LocationControllerTest does not declare any static, non-private, non-final, nested classes annotated with @Configuration.
2021-03-17 23:33:10.054 warn 2512 --- [    Test worker] .b.t.c.SpringBootTestContextBootstrapper : Found @SpringBootConfiguration tourGuide.Application for test class tourGuide.LocationControllerTest
2021-03-17 23:33:10.056 warn 2512 --- [    Test worker] .b.t.a.w.s.WebMvcTestContextBootstrapper : Loaded default TestExecutionListener class names from location [META-INF/spring.factories]: [org.springframework.boot.test.autoconfigure.restdocs.RestDocsTestExecutionListener, org.springframework.boot.test.autoconfigure.web.client.MockRestServiceServerResetTestExecutionListener, org.springframework.boot.test.autoconfigure.web.servlet.MockMvcPrintOnlyOnFailureTestExecutionListener, org.springframework.boot.test.autoconfigure.web.servlet.WebDriverTestExecutionListener, org.springframework.boot.test.mock.mockito.MockitoTestExecutionListener, org.springframework.boot.test.mock.mockito.ResetMocksTestExecutionListener, org.springframework.test.context.web.ServletTestExecutionListener, org.springframework.test.context.support.DirtiesContextBeforeModesTestExecutionListener, org.springframework.test.context.support.DependencyInjectionTestExecutionListener, org.springframework.test.context.support.DirtiesContextTestExecutionListener, org.springframework.test.context.transaction.TransactionalTestExecutionListener, org.springframework.test.context.jdbc.SqlScriptsTestExecutionListener]
2021-03-17 23:33:10.059 warn 2512 --- [    Test worker] .b.t.a.w.s.WebMvcTestContextBootstrapper : Using TestExecutionListeners: [org.springframework.test.context.web.ServletTestExecutionListener@3fec0526, org.springframework.test.context.support.DirtiesContextBeforeModesTestExecutionListener@60947929, org.springframework.boot.test.mock.mockito.MockitoTestExecutionListener@4d6cba19, org.springframework.boot.test.autoconfigure.SpringBootDependencyInjectionTestExecutionListener@3947d62c, org.springframework.test.context.support.DirtiesContextTestExecutionListener@66dd3117, org.springframework.boot.test.autoconfigure.restdocs.RestDocsTestExecutionListener@25c341d4, org.springframework.boot.test.autoconfigure.web.client.MockRestServiceServerResetTestExecutionListener@d579b07, org.springframework.boot.test.autoconfigure.web.servlet.MockMvcPrintOnlyOnFailureTestExecutionListener@a26ca37, org.springframework.boot.test.autoconfigure.web.servlet.WebDriverTestExecutionListener@57c17ed, org.springframework.boot.test.mock.mockito.ResetMocksTestExecutionListener@3a0e3b77]

  .   ____          _            __ _ _
 /\\ / ___'_ __ _ _(_)_ __  __ _ \ \ \ \
( ( )\___ | '_ | '_| | '_ \/ _` | \ \ \ \
 \\/  ___)| |_)| | | | | || (_| |  ) ) ) )
  '  |____| .__|_| |_|_| |_\__, | / / / /
 =========|_|==============|___/=/_/_/_/
 :: Spring Boot ::        (v2.1.6.RELEASE)

2021-03-17 23:33:10.130 warn 2512 --- [    Test worker] ory$DuplicateJsonObjectContextCustomizer : 

Found multiple occurrences of org.json.JSONObject on the class path:

	jar:file:/C:/Users/hfx28/.gradle/caches/modules-2/files-2.1/org.json/json/20201115/f8e7a9953822c90e0701c3cd50764b5e9063f85c/json-20201115.jar!/org/json/JSONObject.class
	jar:file:/C:/Users/hfx28/.gradle/caches/modules-2/files-2.1/com.vaadin.external.google/android-json/0.0.20131108.vaadin1/fa26d351fe62a6a17f5cda1287c1c6110dec413f/android-json-0.0.20131108.vaadin1.jar!/org/json/JSONObject.class

You may wish to exclude one of them to ensure predictable runtime behavior

2021-03-17 23:33:10.134 warn 2512 --- [    Test worker] tourGuide.LocationControllerTest         : Starting LocationControllerTest on LAPTOP-O34I53V9 with PID 2512 (started by hfx28 in D:\DAJ - Projet 8\JavaPathENProject8-master\TourGuide)
2021-03-17 23:33:10.138 warn 2512 --- [    Test worker] tourGuide.LocationControllerTest         : No active profile set, falling back to default profiles: default
2021-03-17 23:33:10.923 warn 2512 --- [    Test worker] o.s.s.concurrent.ThreadPoolTaskExecutor  : Initializing ExecutorService 'applicationTaskExecutor'
2021-03-17 23:33:11.184 warn 2512 --- [    Test worker] o.s.b.t.m.w.SpringBootMockServletContext : Initializing Spring TestDispatcherServlet ''
2021-03-17 23:33:11.184 warn 2512 --- [    Test worker] o.s.t.web.servlet.TestDispatcherServlet  : Initializing Servlet ''
2021-03-17 23:33:11.198 warn 2512 --- [    Test worker] o.s.t.web.servlet.TestDispatcherServlet  : Completed initialization in 13 ms
2021-03-17 23:33:11.239 warn 2512 --- [    Test worker] tourGuide.LocationControllerTest         : Started LocationControllerTest in 1.172 seconds (JVM running for 31.684)
]]></system-out>
  <system-err><![CDATA[]]></system-err>
</testsuite>
