<?xml version="1.0" encoding="UTF-8"?>
<testsuite name="tourGuide.AttractionsControllerTest" tests="1" skipped="0" failures="0" errors="0" timestamp="2021-03-17T21:49:16" hostname="LAPTOP-O34I53V9" time="0.432">
  <properties/>
  <testcase name="getFiveNearByAttractionsShouldReturnOk" classname="tourGuide.AttractionsControllerTest" time="0.432"/>
  <system-out><![CDATA[22:49:07.765 [Test worker] DEBUG org.springframework.test.context.junit4.SpringJUnit4ClassRunner - SpringJUnit4ClassRunner constructor called with [class tourGuide.AttractionsControllerTest]
22:49:07.798 [Test worker] DEBUG org.springframework.test.context.BootstrapUtils - Instantiating CacheAwareContextLoaderDelegate from class [org.springframework.test.context.cache.DefaultCacheAwareContextLoaderDelegate]
22:49:07.851 [Test worker] DEBUG org.springframework.test.context.BootstrapUtils - Instantiating BootstrapContext using constructor [public org.springframework.test.context.support.DefaultBootstrapContext(java.lang.Class,org.springframework.test.context.CacheAwareContextLoaderDelegate)]
22:49:07.937 [Test worker] DEBUG org.springframework.test.context.BootstrapUtils - Instantiating TestContextBootstrapper for test class [tourGuide.AttractionsControllerTest] from class [org.springframework.boot.test.autoconfigure.web.servlet.WebMvcTestContextBootstrapper]
22:49:08.014 [Test worker] INFO org.springframework.boot.test.autoconfigure.web.servlet.WebMvcTestContextBootstrapper - Neither @ContextConfiguration nor @ContextHierarchy found for test class [tourGuide.AttractionsControllerTest], using SpringBootContextLoader
22:49:08.028 [Test worker] DEBUG org.springframework.test.context.support.AbstractContextLoader - Did not detect default resource location for test class [tourGuide.AttractionsControllerTest]: class path resource [tourGuide/AttractionsControllerTest-context.xml] does not exist
22:49:08.029 [Test worker] DEBUG org.springframework.test.context.support.AbstractContextLoader - Did not detect default resource location for test class [tourGuide.AttractionsControllerTest]: class path resource [tourGuide/AttractionsControllerTestContext.groovy] does not exist
22:49:08.030 [Test worker] INFO org.springframework.test.context.support.AbstractContextLoader - Could not detect default resource locations for test class [tourGuide.AttractionsControllerTest]: no resource found for suffixes {-context.xml, Context.groovy}.
22:49:08.033 [Test worker] INFO org.springframework.test.context.support.AnnotationConfigContextLoaderUtils - Could not detect default configuration classes for test class [tourGuide.AttractionsControllerTest]: AttractionsControllerTest does not declare any static, non-private, non-final, nested classes annotated with @Configuration.
22:49:08.306 [Test worker] DEBUG org.springframework.test.context.support.ActiveProfilesUtils - Could not find an 'annotation declaring class' for annotation type [org.springframework.test.context.ActiveProfiles] and class [tourGuide.AttractionsControllerTest]
22:49:08.607 [Test worker] DEBUG org.springframework.context.annotation.ClassPathScanningCandidateComponentProvider - Identified candidate component class: file [D:\DAJ - Projet 8\JavaPathENProject8-master\TourGuide\build\classes\java\main\tourGuide\Application.class]
22:49:08.616 [Test worker] INFO org.springframework.boot.test.context.SpringBootTestContextBootstrapper - Found @SpringBootConfiguration tourGuide.Application for test class tourGuide.AttractionsControllerTest
22:49:08.623 [Test worker] DEBUG org.springframework.boot.test.autoconfigure.web.servlet.WebMvcTestContextBootstrapper - @TestExecutionListeners is not present for class [tourGuide.AttractionsControllerTest]: using defaults.
22:49:08.625 [Test worker] INFO org.springframework.boot.test.autoconfigure.web.servlet.WebMvcTestContextBootstrapper - Loaded default TestExecutionListener class names from location [META-INF/spring.factories]: [org.springframework.boot.test.autoconfigure.restdocs.RestDocsTestExecutionListener, org.springframework.boot.test.autoconfigure.web.client.MockRestServiceServerResetTestExecutionListener, org.springframework.boot.test.autoconfigure.web.servlet.MockMvcPrintOnlyOnFailureTestExecutionListener, org.springframework.boot.test.autoconfigure.web.servlet.WebDriverTestExecutionListener, org.springframework.boot.test.mock.mockito.MockitoTestExecutionListener, org.springframework.boot.test.mock.mockito.ResetMocksTestExecutionListener, org.springframework.test.context.web.ServletTestExecutionListener, org.springframework.test.context.support.DirtiesContextBeforeModesTestExecutionListener, org.springframework.test.context.support.DependencyInjectionTestExecutionListener, org.springframework.test.context.support.DirtiesContextTestExecutionListener, org.springframework.test.context.transaction.TransactionalTestExecutionListener, org.springframework.test.context.jdbc.SqlScriptsTestExecutionListener]
22:49:08.671 [Test worker] DEBUG org.springframework.boot.test.autoconfigure.web.servlet.WebMvcTestContextBootstrapper - Skipping candidate TestExecutionListener [org.springframework.test.context.transaction.TransactionalTestExecutionListener] due to a missing dependency. Specify custom listener classes or make the default listener classes and their required dependencies available. Offending class: [org/springframework/transaction/interceptor/TransactionAttributeSource]
22:49:08.674 [Test worker] DEBUG org.springframework.boot.test.autoconfigure.web.servlet.WebMvcTestContextBootstrapper - Skipping candidate TestExecutionListener [org.springframework.test.context.jdbc.SqlScriptsTestExecutionListener] due to a missing dependency. Specify custom listener classes or make the default listener classes and their required dependencies available. Offending class: [org/springframework/transaction/interceptor/TransactionAttribute]
22:49:08.675 [Test worker] INFO org.springframework.boot.test.autoconfigure.web.servlet.WebMvcTestContextBootstrapper - Using TestExecutionListeners: [org.springframework.test.context.web.ServletTestExecutionListener@74839c1c, org.springframework.test.context.support.DirtiesContextBeforeModesTestExecutionListener@1bae31eb, org.springframework.boot.test.mock.mockito.MockitoTestExecutionListener@6adb33bc, org.springframework.boot.test.autoconfigure.SpringBootDependencyInjectionTestExecutionListener@56b8d15f, org.springframework.test.context.support.DirtiesContextTestExecutionListener@3eb3d4e8, org.springframework.boot.test.autoconfigure.restdocs.RestDocsTestExecutionListener@54788bbc, org.springframework.boot.test.autoconfigure.web.client.MockRestServiceServerResetTestExecutionListener@670d145c, org.springframework.boot.test.autoconfigure.web.servlet.MockMvcPrintOnlyOnFailureTestExecutionListener@772f03cb, org.springframework.boot.test.autoconfigure.web.servlet.WebDriverTestExecutionListener@571b8d52, org.springframework.boot.test.mock.mockito.ResetMocksTestExecutionListener@47aec966]
22:49:08.687 [Test worker] DEBUG org.springframework.test.annotation.ProfileValueUtils - Retrieved @ProfileValueSourceConfiguration [null] for test class [tourGuide.AttractionsControllerTest]
22:49:08.688 [Test worker] DEBUG org.springframework.test.annotation.ProfileValueUtils - Retrieved ProfileValueSource type [class org.springframework.test.annotation.SystemProfileValueSource] for class [tourGuide.AttractionsControllerTest]
22:49:08.688 [Test worker] DEBUG org.springframework.test.annotation.ProfileValueUtils - Retrieved @ProfileValueSourceConfiguration [null] for test class [tourGuide.AttractionsControllerTest]
22:49:08.688 [Test worker] DEBUG org.springframework.test.annotation.ProfileValueUtils - Retrieved ProfileValueSource type [class org.springframework.test.annotation.SystemProfileValueSource] for class [tourGuide.AttractionsControllerTest]
22:49:08.710 [Test worker] DEBUG org.springframework.test.context.support.AbstractDirtiesContextTestExecutionListener - Before test class: context [DefaultTestContext@6bd35aaf testClass = AttractionsControllerTest, testInstance = [null], testMethod = [null], testException = [null], mergedContextConfiguration = [WebMergedContextConfiguration@76e008c4 testClass = AttractionsControllerTest, locations = '{}', classes = '{class tourGuide.Application}', contextInitializerClasses = '[]', activeProfiles = '{}', propertySourceLocations = '{}', propertySourceProperties = '{org.springframework.boot.test.autoconfigure.web.servlet.WebMvcTestContextBootstrapper=true}', contextCustomizers = set[org.springframework.boot.test.autoconfigure.OverrideAutoConfigurationContextCustomizerFactory$DisableAutoConfigurationContextCustomizer@65e17509, org.springframework.boot.test.autoconfigure.filter.TypeExcludeFiltersContextCustomizer@3cf70b02, org.springframework.boot.test.autoconfigure.properties.PropertyMappingContextCustomizer@5347b3d, org.springframework.boot.test.autoconfigure.web.servlet.WebDriverContextCustomizerFactory$Customizer@332cbb74, [ImportsContextCustomizer@22de932e key = [org.springframework.boot.autoconfigure.cache.CacheAutoConfiguration, org.springframework.boot.autoconfigure.context.MessageSourceAutoConfiguration, org.springframework.boot.autoconfigure.data.web.SpringDataWebAutoConfiguration, org.springframework.boot.autoconfigure.freemarker.FreeMarkerAutoConfiguration, org.springframework.boot.autoconfigure.groovy.template.GroovyTemplateAutoConfiguration, org.springframework.boot.autoconfigure.gson.GsonAutoConfiguration, org.springframework.boot.autoconfigure.hateoas.HypermediaAutoConfiguration, org.springframework.boot.autoconfigure.http.HttpMessageConvertersAutoConfiguration, org.springframework.boot.autoconfigure.jackson.JacksonAutoConfiguration, org.springframework.boot.autoconfigure.jsonb.JsonbAutoConfiguration, org.springframework.boot.autoconfigure.mustache.MustacheAutoConfiguration, org.springframework.boot.autoconfigure.task.TaskExecutionAutoConfiguration, org.springframework.boot.autoconfigure.thymeleaf.ThymeleafAutoConfiguration, org.springframework.boot.autoconfigure.validation.ValidationAutoConfiguration, org.springframework.boot.autoconfigure.web.servlet.error.ErrorMvcAutoConfiguration, org.springframework.boot.autoconfigure.web.servlet.WebMvcAutoConfiguration, org.springframework.boot.test.autoconfigure.web.servlet.MockMvcAutoConfiguration, org.springframework.boot.test.autoconfigure.web.servlet.MockMvcSecurityAutoConfiguration, org.springframework.boot.test.autoconfigure.web.servlet.MockMvcWebClientAutoConfiguration, org.springframework.boot.test.autoconfigure.web.servlet.MockMvcWebDriverAutoConfiguration]], org.springframework.boot.test.context.filter.ExcludeFilterContextCustomizer@7224edaa, org.springframework.boot.test.json.DuplicateJsonObjectContextCustomizerFactory$DuplicateJsonObjectContextCustomizer@2dce3493, org.springframework.boot.test.mock.mockito.MockitoContextCustomizer@6bea1510], resourceBasePath = 'src/main/webapp', contextLoader = 'org.springframework.boot.test.context.SpringBootContextLoader', parent = [null]], attributes = map[[empty]]], class annotated with @DirtiesContext [false] with mode [null].
22:49:08.715 [Test worker] DEBUG org.springframework.test.annotation.ProfileValueUtils - Retrieved @ProfileValueSourceConfiguration [null] for test class [tourGuide.AttractionsControllerTest]
22:49:08.716 [Test worker] DEBUG org.springframework.test.annotation.ProfileValueUtils - Retrieved ProfileValueSource type [class org.springframework.test.annotation.SystemProfileValueSource] for class [tourGuide.AttractionsControllerTest]
22:49:09.266 [Test worker] DEBUG org.springframework.test.context.support.TestPropertySourceUtils - Adding inlined properties to environment: {spring.jmx.enabled=false, org.springframework.boot.test.autoconfigure.web.servlet.WebMvcTestContextBootstrapper=true, server.port=-1}

  .   ____          _            __ _ _
 /\\ / ___'_ __ _ _(_)_ __  __ _ \ \ \ \
( ( )\___ | '_ | '_| | '_ \/ _` | \ \ \ \
 \\/  ___)| |_)| | | | | || (_| |  ) ) ) )
  '  |____| .__|_| |_|_| |_\__, | / / / /
 =========|_|==============|___/=/_/_/_/
 :: Spring Boot ::        (v2.1.6.RELEASE)

2021-03-17 22:49:10.536 warn 25144 --- [    Test worker] ory$DuplicateJsonObjectContextCustomizer : 

Found multiple occurrences of org.json.JSONObject on the class path:

	jar:file:/C:/Users/hfx28/.gradle/caches/modules-2/files-2.1/org.json/json/20201115/f8e7a9953822c90e0701c3cd50764b5e9063f85c/json-20201115.jar!/org/json/JSONObject.class
	jar:file:/C:/Users/hfx28/.gradle/caches/modules-2/files-2.1/com.vaadin.external.google/android-json/0.0.20131108.vaadin1/fa26d351fe62a6a17f5cda1287c1c6110dec413f/android-json-0.0.20131108.vaadin1.jar!/org/json/JSONObject.class

You may wish to exclude one of them to ensure predictable runtime behavior

2021-03-17 22:49:10.602 warn 25144 --- [    Test worker] tourGuide.AttractionsControllerTest      : Starting AttractionsControllerTest on LAPTOP-O34I53V9 with PID 25144 (started by hfx28 in D:\DAJ - Projet 8\JavaPathENProject8-master\TourGuide)
2021-03-17 22:49:10.611 warn 25144 --- [    Test worker] tourGuide.AttractionsControllerTest      : No active profile set, falling back to default profiles: default
2021-03-17 22:49:15.859 warn 25144 --- [    Test worker] o.s.s.concurrent.ThreadPoolTaskExecutor  : Initializing ExecutorService 'applicationTaskExecutor'
2021-03-17 22:49:16.413 warn 25144 --- [    Test worker] o.s.b.t.m.w.SpringBootMockServletContext : Initializing Spring TestDispatcherServlet ''
2021-03-17 22:49:16.414 warn 25144 --- [    Test worker] o.s.t.web.servlet.TestDispatcherServlet  : Initializing Servlet ''
2021-03-17 22:49:16.444 warn 25144 --- [    Test worker] o.s.t.web.servlet.TestDispatcherServlet  : Completed initialization in 29 ms
2021-03-17 22:49:16.531 warn 25144 --- [    Test worker] tourGuide.AttractionsControllerTest      : Started AttractionsControllerTest in 7.217 seconds (JVM running for 11.33)
2021-03-17 22:49:16.631 warn 25144 --- [    Test worker] o.j.m.DefaultMonetaryContextFactory      : Using custom MathContext: precision=256, roundingMode=HALF_EVEN
]]></system-out>
  <system-err><![CDATA[]]></system-err>
</testsuite>
