<?xml version="1.0" encoding="UTF-8"?>
<testsuite name="tourGuide.TestRewardsService" tests="3" skipped="0" failures="2" errors="0" timestamp="2021-03-14T15:19:32" hostname="LAPTOP-O34I53V9" time="1.65">
  <properties/>
  <testcase name="userGetRewards" classname="tourGuide.TestRewardsService" time="1.403">
    <failure message="java.lang.AssertionError" type="java.lang.AssertionError">java.lang.AssertionError
	at org.junit.Assert.fail(Assert.java:86)
	at org.junit.Assert.assertTrue(Assert.java:41)
	at org.junit.Assert.assertTrue(Assert.java:52)
	at tourGuide.TestRewardsService.userGetRewards(TestRewardsService.java:45)
	at sun.reflect.NativeMethodAccessorImpl.invoke0(Native Method)
	at sun.reflect.NativeMethodAccessorImpl.invoke(NativeMethodAccessorImpl.java:62)
	at sun.reflect.DelegatingMethodAccessorImpl.invoke(DelegatingMethodAccessorImpl.java:43)
	at java.lang.reflect.Method.invoke(Method.java:498)
	at org.junit.runners.model.FrameworkMethod$1.runReflectiveCall(FrameworkMethod.java:50)
	at org.junit.internal.runners.model.ReflectiveCallable.run(ReflectiveCallable.java:12)
	at org.junit.runners.model.FrameworkMethod.invokeExplosively(FrameworkMethod.java:47)
	at org.junit.internal.runners.statements.InvokeMethod.evaluate(InvokeMethod.java:17)
	at org.junit.internal.runners.statements.RunBefores.evaluate(RunBefores.java:26)
	at org.junit.runners.ParentRunner.runLeaf(ParentRunner.java:325)
	at org.junit.runners.BlockJUnit4ClassRunner.runChild(BlockJUnit4ClassRunner.java:78)
	at org.junit.runners.BlockJUnit4ClassRunner.runChild(BlockJUnit4ClassRunner.java:57)
	at org.junit.runners.ParentRunner$3.run(ParentRunner.java:290)
	at org.junit.runners.ParentRunner$1.schedule(ParentRunner.java:71)
	at org.junit.runners.ParentRunner.runChildren(ParentRunner.java:288)
	at org.junit.runners.ParentRunner.access$000(ParentRunner.java:58)
	at org.junit.runners.ParentRunner$2.evaluate(ParentRunner.java:268)
	at org.junit.runners.ParentRunner.run(ParentRunner.java:363)
	at org.gradle.api.internal.tasks.testing.junit.JUnitTestClassExecutor.runTestClass(JUnitTestClassExecutor.java:110)
	at org.gradle.api.internal.tasks.testing.junit.JUnitTestClassExecutor.execute(JUnitTestClassExecutor.java:58)
	at org.gradle.api.internal.tasks.testing.junit.JUnitTestClassExecutor.execute(JUnitTestClassExecutor.java:38)
	at org.gradle.api.internal.tasks.testing.junit.AbstractJUnitTestClassProcessor.processTestClass(AbstractJUnitTestClassProcessor.java:62)
	at org.gradle.api.internal.tasks.testing.SuiteTestClassProcessor.processTestClass(SuiteTestClassProcessor.java:51)
	at sun.reflect.NativeMethodAccessorImpl.invoke0(Native Method)
	at sun.reflect.NativeMethodAccessorImpl.invoke(NativeMethodAccessorImpl.java:62)
	at sun.reflect.DelegatingMethodAccessorImpl.invoke(DelegatingMethodAccessorImpl.java:43)
	at java.lang.reflect.Method.invoke(Method.java:498)
	at org.gradle.internal.dispatch.ReflectionDispatch.dispatch(ReflectionDispatch.java:36)
	at org.gradle.internal.dispatch.ReflectionDispatch.dispatch(ReflectionDispatch.java:24)
	at org.gradle.internal.dispatch.ContextClassLoaderDispatch.dispatch(ContextClassLoaderDispatch.java:33)
	at org.gradle.internal.dispatch.ProxyDispatchAdapter$DispatchingInvocationHandler.invoke(ProxyDispatchAdapter.java:94)
	at com.sun.proxy.$Proxy2.processTestClass(Unknown Source)
	at org.gradle.api.internal.tasks.testing.worker.TestWorker.processTestClass(TestWorker.java:119)
	at sun.reflect.NativeMethodAccessorImpl.invoke0(Native Method)
	at sun.reflect.NativeMethodAccessorImpl.invoke(NativeMethodAccessorImpl.java:62)
	at sun.reflect.DelegatingMethodAccessorImpl.invoke(DelegatingMethodAccessorImpl.java:43)
	at java.lang.reflect.Method.invoke(Method.java:498)
	at org.gradle.internal.dispatch.ReflectionDispatch.dispatch(ReflectionDispatch.java:36)
	at org.gradle.internal.dispatch.ReflectionDispatch.dispatch(ReflectionDispatch.java:24)
	at org.gradle.internal.remote.internal.hub.MessageHubBackedObjectConnection$DispatchWrapper.dispatch(MessageHubBackedObjectConnection.java:182)
	at org.gradle.internal.remote.internal.hub.MessageHubBackedObjectConnection$DispatchWrapper.dispatch(MessageHubBackedObjectConnection.java:164)
	at org.gradle.internal.remote.internal.hub.MessageHub$Handler.run(MessageHub.java:414)
	at org.gradle.internal.concurrent.ExecutorPolicy$CatchAndRecordFailures.onExecute(ExecutorPolicy.java:64)
	at org.gradle.internal.concurrent.ManagedExecutorImpl$1.run(ManagedExecutorImpl.java:48)
	at java.util.concurrent.ThreadPoolExecutor.runWorker(ThreadPoolExecutor.java:1149)
	at java.util.concurrent.ThreadPoolExecutor$Worker.run(ThreadPoolExecutor.java:624)
	at org.gradle.internal.concurrent.ThreadFactoryImpl$ManagedThreadRunnable.run(ThreadFactoryImpl.java:56)
	at java.lang.Thread.run(Thread.java:748)
</failure>
  </testcase>
  <testcase name="testCalculateRewards" classname="tourGuide.TestRewardsService" time="0.203">
    <failure message="java.lang.AssertionError" type="java.lang.AssertionError">java.lang.AssertionError
	at org.junit.Assert.fail(Assert.java:86)
	at org.junit.Assert.assertTrue(Assert.java:41)
	at org.junit.Assert.assertTrue(Assert.java:52)
	at tourGuide.TestRewardsService.testCalculateRewards(TestRewardsService.java:76)
	at sun.reflect.NativeMethodAccessorImpl.invoke0(Native Method)
	at sun.reflect.NativeMethodAccessorImpl.invoke(NativeMethodAccessorImpl.java:62)
	at sun.reflect.DelegatingMethodAccessorImpl.invoke(DelegatingMethodAccessorImpl.java:43)
	at java.lang.reflect.Method.invoke(Method.java:498)
	at org.junit.runners.model.FrameworkMethod$1.runReflectiveCall(FrameworkMethod.java:50)
	at org.junit.internal.runners.model.ReflectiveCallable.run(ReflectiveCallable.java:12)
	at org.junit.runners.model.FrameworkMethod.invokeExplosively(FrameworkMethod.java:47)
	at org.junit.internal.runners.statements.InvokeMethod.evaluate(InvokeMethod.java:17)
	at org.junit.internal.runners.statements.RunBefores.evaluate(RunBefores.java:26)
	at org.junit.runners.ParentRunner.runLeaf(ParentRunner.java:325)
	at org.junit.runners.BlockJUnit4ClassRunner.runChild(BlockJUnit4ClassRunner.java:78)
	at org.junit.runners.BlockJUnit4ClassRunner.runChild(BlockJUnit4ClassRunner.java:57)
	at org.junit.runners.ParentRunner$3.run(ParentRunner.java:290)
	at org.junit.runners.ParentRunner$1.schedule(ParentRunner.java:71)
	at org.junit.runners.ParentRunner.runChildren(ParentRunner.java:288)
	at org.junit.runners.ParentRunner.access$000(ParentRunner.java:58)
	at org.junit.runners.ParentRunner$2.evaluate(ParentRunner.java:268)
	at org.junit.runners.ParentRunner.run(ParentRunner.java:363)
	at org.gradle.api.internal.tasks.testing.junit.JUnitTestClassExecutor.runTestClass(JUnitTestClassExecutor.java:110)
	at org.gradle.api.internal.tasks.testing.junit.JUnitTestClassExecutor.execute(JUnitTestClassExecutor.java:58)
	at org.gradle.api.internal.tasks.testing.junit.JUnitTestClassExecutor.execute(JUnitTestClassExecutor.java:38)
	at org.gradle.api.internal.tasks.testing.junit.AbstractJUnitTestClassProcessor.processTestClass(AbstractJUnitTestClassProcessor.java:62)
	at org.gradle.api.internal.tasks.testing.SuiteTestClassProcessor.processTestClass(SuiteTestClassProcessor.java:51)
	at sun.reflect.NativeMethodAccessorImpl.invoke0(Native Method)
	at sun.reflect.NativeMethodAccessorImpl.invoke(NativeMethodAccessorImpl.java:62)
	at sun.reflect.DelegatingMethodAccessorImpl.invoke(DelegatingMethodAccessorImpl.java:43)
	at java.lang.reflect.Method.invoke(Method.java:498)
	at org.gradle.internal.dispatch.ReflectionDispatch.dispatch(ReflectionDispatch.java:36)
	at org.gradle.internal.dispatch.ReflectionDispatch.dispatch(ReflectionDispatch.java:24)
	at org.gradle.internal.dispatch.ContextClassLoaderDispatch.dispatch(ContextClassLoaderDispatch.java:33)
	at org.gradle.internal.dispatch.ProxyDispatchAdapter$DispatchingInvocationHandler.invoke(ProxyDispatchAdapter.java:94)
	at com.sun.proxy.$Proxy2.processTestClass(Unknown Source)
	at org.gradle.api.internal.tasks.testing.worker.TestWorker.processTestClass(TestWorker.java:119)
	at sun.reflect.NativeMethodAccessorImpl.invoke0(Native Method)
	at sun.reflect.NativeMethodAccessorImpl.invoke(NativeMethodAccessorImpl.java:62)
	at sun.reflect.DelegatingMethodAccessorImpl.invoke(DelegatingMethodAccessorImpl.java:43)
	at java.lang.reflect.Method.invoke(Method.java:498)
	at org.gradle.internal.dispatch.ReflectionDispatch.dispatch(ReflectionDispatch.java:36)
	at org.gradle.internal.dispatch.ReflectionDispatch.dispatch(ReflectionDispatch.java:24)
	at org.gradle.internal.remote.internal.hub.MessageHubBackedObjectConnection$DispatchWrapper.dispatch(MessageHubBackedObjectConnection.java:182)
	at org.gradle.internal.remote.internal.hub.MessageHubBackedObjectConnection$DispatchWrapper.dispatch(MessageHubBackedObjectConnection.java:164)
	at org.gradle.internal.remote.internal.hub.MessageHub$Handler.run(MessageHub.java:414)
	at org.gradle.internal.concurrent.ExecutorPolicy$CatchAndRecordFailures.onExecute(ExecutorPolicy.java:64)
	at org.gradle.internal.concurrent.ManagedExecutorImpl$1.run(ManagedExecutorImpl.java:48)
	at java.util.concurrent.ThreadPoolExecutor.runWorker(ThreadPoolExecutor.java:1149)
	at java.util.concurrent.ThreadPoolExecutor$Worker.run(ThreadPoolExecutor.java:624)
	at org.gradle.internal.concurrent.ThreadFactoryImpl$ManagedThreadRunnable.run(ThreadFactoryImpl.java:56)
	at java.lang.Thread.run(Thread.java:748)
</failure>
  </testcase>
  <testcase name="isWithinAttractionProximity" classname="tourGuide.TestRewardsService" time="0.022"/>
  <system-out><![CDATA[16:19:32.678 [Test worker] INFO tourGuide.service.TestService - TestMode enabled
16:19:32.686 [Test worker] DEBUG tourGuide.service.TestService - Initializing users
16:19:32.812 [Test worker] DEBUG tourGuide.service.TestService - Created 100 internal test users.
16:19:32.812 [Test worker] DEBUG tourGuide.service.TestService - Finished initializing users
16:19:32.823 [pool-1-thread-1] DEBUG tourGuide.tracker.Tracker - Begin Tracker. Tracking 100 users.
16:19:33.734 [Test worker] DEBUG org.springframework.web.client.RestTemplate - HTTP GET http://localhost:5000/nearAttraction?visitorLocation=%7B%22attractionName%22:%22Disneyland%22,%22city%22:%22Anaheim%22,%22state%22:%22CA%22,%22attractionId%22:%7B%22mostSigBits%22:4502100739056419345,%22leastSigBits%22:-6588721226408228303,%22mostSignificantBits%22:4502100739056419345,%22leastSignificantBits%22:-6588721226408228303%7D,%22longitude%22:-117.922008,%22latitude%22:33.817595%7D&attractionLocation=%7B%22longitude%22:33.817595,%22latitude%22:-117.922008%7D
16:19:33.762 [Test worker] DEBUG org.springframework.web.client.RestTemplate - Accept=[application/json, application/*+json]
16:19:33.775 [Test worker] DEBUG org.springframework.web.client.RestTemplate - Response 200 OK
16:19:33.786 [Test worker] DEBUG org.springframework.web.client.RestTemplate - Reading to [java.lang.Boolean]
16:19:33.825 [Test worker] DEBUG org.springframework.web.client.RestTemplate - HTTP GET http://localhost:5000/nearAttraction?visitorLocation=%7B%22attractionName%22:%22Disneyland%22,%22city%22:%22Anaheim%22,%22state%22:%22CA%22,%22attractionId%22:%7B%22mostSigBits%22:4502100739056419345,%22leastSigBits%22:-6588721226408228303,%22mostSignificantBits%22:4502100739056419345,%22leastSignificantBits%22:-6588721226408228303%7D,%22longitude%22:-117.922008,%22latitude%22:33.817595%7D&attractionLocation=%7B%22longitude%22:43.582767,%22latitude%22:-110.821999%7D
16:19:33.825 [Test worker] DEBUG org.springframework.web.client.RestTemplate - Accept=[application/json, application/*+json]
16:19:33.828 [Test worker] DEBUG org.springframework.web.client.RestTemplate - Response 200 OK
16:19:33.829 [Test worker] DEBUG org.springframework.web.client.RestTemplate - Reading to [java.lang.Boolean]
16:19:33.835 [Test worker] DEBUG org.springframework.web.client.RestTemplate - HTTP GET http://localhost:5000/nearAttraction?visitorLocation=%7B%22attractionName%22:%22Disneyland%22,%22city%22:%22Anaheim%22,%22state%22:%22CA%22,%22attractionId%22:%7B%22mostSigBits%22:4502100739056419345,%22leastSigBits%22:-6588721226408228303,%22mostSignificantBits%22:4502100739056419345,%22leastSignificantBits%22:-6588721226408228303%7D,%22longitude%22:-117.922008,%22latitude%22:33.817595%7D&attractionLocation=%7B%22longitude%22:35.141689,%22latitude%22:-115.510399%7D
16:19:33.835 [Test worker] DEBUG org.springframework.web.client.RestTemplate - Accept=[application/json, application/*+json]
16:19:33.838 [Test worker] DEBUG org.springframework.web.client.RestTemplate - Response 200 OK
16:19:33.838 [Test worker] DEBUG org.springframework.web.client.RestTemplate - Reading to [java.lang.Boolean]
16:19:33.844 [Test worker] DEBUG org.springframework.web.client.RestTemplate - HTTP GET http://localhost:5000/nearAttraction?visitorLocation=%7B%22attractionName%22:%22Disneyland%22,%22city%22:%22Anaheim%22,%22state%22:%22CA%22,%22attractionId%22:%7B%22mostSigBits%22:4502100739056419345,%22leastSigBits%22:-6588721226408228303,%22mostSignificantBits%22:4502100739056419345,%22leastSignificantBits%22:-6588721226408228303%7D,%22longitude%22:-117.922008,%22latitude%22:33.817595%7D&attractionLocation=%7B%22longitude%22:33.881866,%22latitude%22:-115.90065%7D
16:19:33.844 [Test worker] DEBUG org.springframework.web.client.RestTemplate - Accept=[application/json, application/*+json]
16:19:33.847 [Test worker] DEBUG org.springframework.web.client.RestTemplate - Response 200 OK
16:19:33.848 [Test worker] DEBUG org.springframework.web.client.RestTemplate - Reading to [java.lang.Boolean]
16:19:33.852 [Test worker] DEBUG org.springframework.web.client.RestTemplate - HTTP GET http://localhost:5000/nearAttraction?visitorLocation=%7B%22attractionName%22:%22Disneyland%22,%22city%22:%22Anaheim%22,%22state%22:%22CA%22,%22attractionId%22:%7B%22mostSigBits%22:4502100739056419345,%22leastSigBits%22:-6588721226408228303,%22mostSignificantBits%22:4502100739056419345,%22leastSignificantBits%22:-6588721226408228303%7D,%22longitude%22:-117.922008,%22latitude%22:33.817595%7D&attractionLocation=%7B%22longitude%22:35.985512,%22latitude%22:-92.757652%7D
16:19:33.853 [Test worker] DEBUG org.springframework.web.client.RestTemplate - Accept=[application/json, application/*+json]
16:19:33.856 [Test worker] DEBUG org.springframework.web.client.RestTemplate - Response 200 OK
16:19:33.856 [Test worker] DEBUG org.springframework.web.client.RestTemplate - Reading to [java.lang.Boolean]
16:19:33.860 [Test worker] DEBUG org.springframework.web.client.RestTemplate - HTTP GET http://localhost:5000/nearAttraction?visitorLocation=%7B%22attractionName%22:%22Disneyland%22,%22city%22:%22Anaheim%22,%22state%22:%22CA%22,%22attractionId%22:%7B%22mostSigBits%22:4502100739056419345,%22leastSigBits%22:-6588721226408228303,%22mostSignificantBits%22:4502100739056419345,%22leastSignificantBits%22:-6588721226408228303%7D,%22longitude%22:-117.922008,%22latitude%22:33.817595%7D&attractionLocation=%7B%22longitude%22:34.52153,%22latitude%22:-93.042267%7D
16:19:33.861 [Test worker] DEBUG org.springframework.web.client.RestTemplate - Accept=[application/json, application/*+json]
16:19:33.863 [Test worker] DEBUG org.springframework.web.client.RestTemplate - Response 200 OK
16:19:33.864 [Test worker] DEBUG org.springframework.web.client.RestTemplate - Reading to [java.lang.Boolean]
16:19:33.870 [Test worker] DEBUG org.springframework.web.client.RestTemplate - HTTP GET http://localhost:5000/nearAttraction?visitorLocation=%7B%22attractionName%22:%22Disneyland%22,%22city%22:%22Anaheim%22,%22state%22:%22CA%22,%22attractionId%22:%7B%22mostSigBits%22:4502100739056419345,%22leastSigBits%22:-6588721226408228303,%22mostSignificantBits%22:4502100739056419345,%22leastSignificantBits%22:-6588721226408228303%7D,%22longitude%22:-117.922008,%22latitude%22:33.817595%7D&attractionLocation=%7B%22longitude%22:31.837551,%22latitude%22:-110.347382%7D
16:19:33.871 [Test worker] DEBUG org.springframework.web.client.RestTemplate - Accept=[application/json, application/*+json]
16:19:33.874 [Test worker] DEBUG org.springframework.web.client.RestTemplate - Response 200 OK
16:19:33.875 [Test worker] DEBUG org.springframework.web.client.RestTemplate - Reading to [java.lang.Boolean]
16:19:33.882 [Test worker] DEBUG org.springframework.web.client.RestTemplate - HTTP GET http://localhost:5000/nearAttraction?visitorLocation=%7B%22attractionName%22:%22Disneyland%22,%22city%22:%22Anaheim%22,%22state%22:%22CA%22,%22attractionId%22:%7B%22mostSigBits%22:4502100739056419345,%22leastSigBits%22:-6588721226408228303,%22mostSignificantBits%22:4502100739056419345,%22leastSignificantBits%22:-6588721226408228303%7D,%22longitude%22:-117.922008,%22latitude%22:33.817595%7D&attractionLocation=%7B%22longitude%22:39.937778,%22latitude%22:-82.40667%7D
16:19:33.883 [Test worker] DEBUG org.springframework.web.client.RestTemplate - Accept=[application/json, application/*+json]
16:19:33.886 [Test worker] DEBUG org.springframework.web.client.RestTemplate - Response 200 OK
16:19:33.886 [Test worker] DEBUG org.springframework.web.client.RestTemplate - Reading to [java.lang.Boolean]
16:19:33.893 [Test worker] DEBUG org.springframework.web.client.RestTemplate - HTTP GET http://localhost:5000/nearAttraction?visitorLocation=%7B%22attractionName%22:%22Disneyland%22,%22city%22:%22Anaheim%22,%22state%22:%22CA%22,%22attractionId%22:%7B%22mostSigBits%22:4502100739056419345,%22leastSigBits%22:-6588721226408228303,%22mostSignificantBits%22:4502100739056419345,%22leastSignificantBits%22:-6588721226408228303%7D,%22longitude%22:-117.922008,%22latitude%22:33.817595%7D&attractionLocation=%7B%22longitude%22:37.131527,%22latitude%22:-84.07486%7D
16:19:33.894 [Test worker] DEBUG org.springframework.web.client.RestTemplate - Accept=[application/json, application/*+json]
16:19:33.897 [Test worker] DEBUG org.springframework.web.client.RestTemplate - Response 200 OK
16:19:33.899 [Test worker] DEBUG org.springframework.web.client.RestTemplate - Reading to [java.lang.Boolean]
16:19:33.904 [Test worker] DEBUG org.springframework.web.client.RestTemplate - HTTP GET http://localhost:5000/nearAttraction?visitorLocation=%7B%22attractionName%22:%22Disneyland%22,%22city%22:%22Anaheim%22,%22state%22:%22CA%22,%22attractionId%22:%7B%22mostSigBits%22:4502100739056419345,%22leastSigBits%22:-6588721226408228303,%22mostSignificantBits%22:4502100739056419345,%22leastSignificantBits%22:-6588721226408228303%7D,%22longitude%22:-117.922008,%22latitude%22:33.817595%7D&attractionLocation=%7B%22longitude%22:61.218887,%22latitude%22:-149.877502%7D
16:19:33.905 [Test worker] DEBUG org.springframework.web.client.RestTemplate - Accept=[application/json, application/*+json]
16:19:33.919 [Test worker] DEBUG org.springframework.web.client.RestTemplate - Response 200 OK
16:19:33.920 [Test worker] DEBUG org.springframework.web.client.RestTemplate - Reading to [java.lang.Boolean]
16:19:33.936 [Test worker] DEBUG org.springframework.web.client.RestTemplate - HTTP GET http://localhost:5000/nearAttraction?visitorLocation=%7B%22attractionName%22:%22Disneyland%22,%22city%22:%22Anaheim%22,%22state%22:%22CA%22,%22attractionId%22:%7B%22mostSigBits%22:4502100739056419345,%22leastSigBits%22:-6588721226408228303,%22mostSignificantBits%22:4502100739056419345,%22leastSignificantBits%22:-6588721226408228303%7D,%22longitude%22:-117.922008,%22latitude%22:33.817595%7D&attractionLocation=%7B%22longitude%22:40.741112,%22latitude%22:-73.989723%7D
16:19:33.936 [Test worker] DEBUG org.springframework.web.client.RestTemplate - Accept=[application/json, application/*+json]
16:19:33.946 [Test worker] DEBUG org.springframework.web.client.RestTemplate - Response 200 OK
16:19:33.947 [Test worker] DEBUG org.springframework.web.client.RestTemplate - Reading to [java.lang.Boolean]
16:19:33.954 [Test worker] DEBUG org.springframework.web.client.RestTemplate - HTTP GET http://localhost:5000/nearAttraction?visitorLocation=%7B%22attractionName%22:%22Disneyland%22,%22city%22:%22Anaheim%22,%22state%22:%22CA%22,%22attractionId%22:%7B%22mostSigBits%22:4502100739056419345,%22leastSigBits%22:-6588721226408228303,%22mostSignificantBits%22:4502100739056419345,%22leastSignificantBits%22:-6588721226408228303%7D,%22longitude%22:-117.922008,%22latitude%22:33.817595%7D&attractionLocation=%7B%22longitude%22:39.906113,%22latitude%22:-79.468056%7D
16:19:33.955 [Test worker] DEBUG org.springframework.web.client.RestTemplate - Accept=[application/json, application/*+json]
16:19:33.960 [Test worker] DEBUG org.springframework.web.client.RestTemplate - Response 200 OK
16:19:33.961 [Test worker] DEBUG org.springframework.web.client.RestTemplate - Reading to [java.lang.Boolean]
16:19:33.967 [Test worker] DEBUG org.springframework.web.client.RestTemplate - HTTP GET http://localhost:5000/nearAttraction?visitorLocation=%7B%22attractionName%22:%22Disneyland%22,%22city%22:%22Anaheim%22,%22state%22:%22CA%22,%22attractionId%22:%7B%22mostSigBits%22:4502100739056419345,%22leastSigBits%22:-6588721226408228303,%22mostSignificantBits%22:4502100739056419345,%22leastSignificantBits%22:-6588721226408228303%7D,%22longitude%22:-117.922008,%22latitude%22:33.817595%7D&attractionLocation=%7B%22longitude%22:38.897095,%22latitude%22:-77.006332%7D
16:19:33.967 [Test worker] DEBUG org.springframework.web.client.RestTemplate - Accept=[application/json, application/*+json]
16:19:33.971 [Test worker] DEBUG org.springframework.web.client.RestTemplate - Response 200 OK
16:19:33.971 [Test worker] DEBUG org.springframework.web.client.RestTemplate - Reading to [java.lang.Boolean]
16:19:33.977 [Test worker] DEBUG org.springframework.web.client.RestTemplate - HTTP GET http://localhost:5000/nearAttraction?visitorLocation=%7B%22attractionName%22:%22Disneyland%22,%22city%22:%22Anaheim%22,%22state%22:%22CA%22,%22attractionId%22:%7B%22mostSigBits%22:4502100739056419345,%22leastSigBits%22:-6588721226408228303,%22mostSignificantBits%22:4502100739056419345,%22leastSignificantBits%22:-6588721226408228303%7D,%22longitude%22:-117.922008,%22latitude%22:33.817595%7D&attractionLocation=%7B%22longitude%22:26.890959,%22latitude%22:-80.116577%7D
16:19:33.978 [Test worker] DEBUG org.springframework.web.client.RestTemplate - Accept=[application/json, application/*+json]
16:19:33.981 [Test worker] DEBUG org.springframework.web.client.RestTemplate - Response 200 OK
16:19:33.981 [Test worker] DEBUG org.springframework.web.client.RestTemplate - Reading to [java.lang.Boolean]
16:19:33.986 [Test worker] DEBUG org.springframework.web.client.RestTemplate - HTTP GET http://localhost:5000/nearAttraction?visitorLocation=%7B%22attractionName%22:%22Disneyland%22,%22city%22:%22Anaheim%22,%22state%22:%22CA%22,%22attractionId%22:%7B%22mostSigBits%22:4502100739056419345,%22leastSigBits%22:-6588721226408228303,%22mostSignificantBits%22:4502100739056419345,%22leastSignificantBits%22:-6588721226408228303%7D,%22longitude%22:-117.922008,%22latitude%22:33.817595%7D&attractionLocation=%7B%22longitude%22:30.283682,%22latitude%22:-97.732536%7D
16:19:33.986 [Test worker] DEBUG org.springframework.web.client.RestTemplate - Accept=[application/json, application/*+json]
16:19:33.989 [Test worker] DEBUG org.springframework.web.client.RestTemplate - Response 200 OK
16:19:33.990 [Test worker] DEBUG org.springframework.web.client.RestTemplate - Reading to [java.lang.Boolean]
16:19:33.995 [Test worker] DEBUG org.springframework.web.client.RestTemplate - HTTP GET http://localhost:5000/nearAttraction?visitorLocation=%7B%22attractionName%22:%22Disneyland%22,%22city%22:%22Anaheim%22,%22state%22:%22CA%22,%22attractionId%22:%7B%22mostSigBits%22:4502100739056419345,%22leastSigBits%22:-6588721226408228303,%22mostSignificantBits%22:4502100739056419345,%22leastSignificantBits%22:-6588721226408228303%7D,%22longitude%22:-117.922008,%22latitude%22:33.817595%7D&attractionLocation=%7B%22longitude%22:33.208973,%22latitude%22:-87.550438%7D
16:19:33.995 [Test worker] DEBUG org.springframework.web.client.RestTemplate - Accept=[application/json, application/*+json]
16:19:33.998 [Test worker] DEBUG org.springframework.web.client.RestTemplate - Response 200 OK
16:19:33.999 [Test worker] DEBUG org.springframework.web.client.RestTemplate - Reading to [java.lang.Boolean]
16:19:34.003 [Test worker] DEBUG org.springframework.web.client.RestTemplate - HTTP GET http://localhost:5000/nearAttraction?visitorLocation=%7B%22attractionName%22:%22Disneyland%22,%22city%22:%22Anaheim%22,%22state%22:%22CA%22,%22attractionId%22:%7B%22mostSigBits%22:4502100739056419345,%22leastSigBits%22:-6588721226408228303,%22mostSignificantBits%22:4502100739056419345,%22leastSignificantBits%22:-6588721226408228303%7D,%22longitude%22:-117.922008,%22latitude%22:33.817595%7D&attractionLocation=%7B%22longitude%22:30.412035,%22latitude%22:-91.183815%7D
16:19:34.003 [Test worker] DEBUG org.springframework.web.client.RestTemplate - Accept=[application/json, application/*+json]
16:19:34.006 [Test worker] DEBUG org.springframework.web.client.RestTemplate - Response 200 OK
16:19:34.006 [Test worker] DEBUG org.springframework.web.client.RestTemplate - Reading to [java.lang.Boolean]
16:19:34.010 [Test worker] DEBUG org.springframework.web.client.RestTemplate - HTTP GET http://localhost:5000/nearAttraction?visitorLocation=%7B%22attractionName%22:%22Disneyland%22,%22city%22:%22Anaheim%22,%22state%22:%22CA%22,%22attractionId%22:%7B%22mostSigBits%22:4502100739056419345,%22leastSigBits%22:-6588721226408228303,%22mostSignificantBits%22:4502100739056419345,%22leastSignificantBits%22:-6588721226408228303%7D,%22longitude%22:-117.922008,%22latitude%22:33.817595%7D&attractionLocation=%7B%22longitude%22:35.955013,%22latitude%22:-83.925011%7D
16:19:34.011 [Test worker] DEBUG org.springframework.web.client.RestTemplate - Accept=[application/json, application/*+json]
16:19:34.013 [Test worker] DEBUG org.springframework.web.client.RestTemplate - Response 200 OK
16:19:34.013 [Test worker] DEBUG org.springframework.web.client.RestTemplate - Reading to [java.lang.Boolean]
16:19:34.017 [Test worker] DEBUG org.springframework.web.client.RestTemplate - HTTP GET http://localhost:5000/nearAttraction?visitorLocation=%7B%22attractionName%22:%22Disneyland%22,%22city%22:%22Anaheim%22,%22state%22:%22CA%22,%22attractionId%22:%7B%22mostSigBits%22:4502100739056419345,%22leastSigBits%22:-6588721226408228303,%22mostSignificantBits%22:4502100739056419345,%22leastSignificantBits%22:-6588721226408228303%7D,%22longitude%22:-117.922008,%22latitude%22:33.817595%7D&attractionLocation=%7B%22longitude%22:30.61025,%22latitude%22:-96.339844%7D
16:19:34.017 [Test worker] DEBUG org.springframework.web.client.RestTemplate - Accept=[application/json, application/*+json]
16:19:34.020 [Test worker] DEBUG org.springframework.web.client.RestTemplate - Response 200 OK
16:19:34.021 [Test worker] DEBUG org.springframework.web.client.RestTemplate - Reading to [java.lang.Boolean]
16:19:34.025 [Test worker] DEBUG org.springframework.web.client.RestTemplate - HTTP GET http://localhost:5000/nearAttraction?visitorLocation=%7B%22attractionName%22:%22Disneyland%22,%22city%22:%22Anaheim%22,%22state%22:%22CA%22,%22attractionId%22:%7B%22mostSigBits%22:4502100739056419345,%22leastSigBits%22:-6588721226408228303,%22mostSignificantBits%22:4502100739056419345,%22leastSignificantBits%22:-6588721226408228303%7D,%22longitude%22:-117.922008,%22latitude%22:33.817595%7D&attractionLocation=%7B%22longitude%22:32.735317,%22latitude%22:-117.149048%7D
16:19:34.025 [Test worker] DEBUG org.springframework.web.client.RestTemplate - Accept=[application/json, application/*+json]
16:19:34.028 [Test worker] DEBUG org.springframework.web.client.RestTemplate - Response 200 OK
16:19:34.029 [Test worker] DEBUG org.springframework.web.client.RestTemplate - Reading to [java.lang.Boolean]
16:19:34.032 [Test worker] DEBUG org.springframework.web.client.RestTemplate - HTTP GET http://localhost:5000/nearAttraction?visitorLocation=%7B%22attractionName%22:%22Disneyland%22,%22city%22:%22Anaheim%22,%22state%22:%22CA%22,%22attractionId%22:%7B%22mostSigBits%22:4502100739056419345,%22leastSigBits%22:-6588721226408228303,%22mostSignificantBits%22:4502100739056419345,%22leastSignificantBits%22:-6588721226408228303%7D,%22longitude%22:-117.922008,%22latitude%22:33.817595%7D&attractionLocation=%7B%22longitude%22:28.012804,%22latitude%22:-82.469269%7D
16:19:34.033 [Test worker] DEBUG org.springframework.web.client.RestTemplate - Accept=[application/json, application/*+json]
16:19:34.035 [Test worker] DEBUG org.springframework.web.client.RestTemplate - Response 200 OK
16:19:34.036 [Test worker] DEBUG org.springframework.web.client.RestTemplate - Reading to [java.lang.Boolean]
16:19:34.039 [Test worker] DEBUG org.springframework.web.client.RestTemplate - HTTP GET http://localhost:5000/nearAttraction?visitorLocation=%7B%22attractionName%22:%22Disneyland%22,%22city%22:%22Anaheim%22,%22state%22:%22CA%22,%22attractionId%22:%7B%22mostSigBits%22:4502100739056419345,%22leastSigBits%22:-6588721226408228303,%22mostSignificantBits%22:4502100739056419345,%22leastSignificantBits%22:-6588721226408228303%7D,%22longitude%22:-117.922008,%22latitude%22:33.817595%7D&attractionLocation=%7B%22longitude%22:42.302601,%22latitude%22:-71.086731%7D
16:19:34.039 [Test worker] DEBUG org.springframework.web.client.RestTemplate - Accept=[application/json, application/*+json]
16:19:34.042 [Test worker] DEBUG org.springframework.web.client.RestTemplate - Response 200 OK
16:19:34.043 [Test worker] DEBUG org.springframework.web.client.RestTemplate - Reading to [java.lang.Boolean]
16:19:34.046 [Test worker] DEBUG org.springframework.web.client.RestTemplate - HTTP GET http://localhost:5000/nearAttraction?visitorLocation=%7B%22attractionName%22:%22Disneyland%22,%22city%22:%22Anaheim%22,%22state%22:%22CA%22,%22attractionId%22:%7B%22mostSigBits%22:4502100739056419345,%22leastSigBits%22:-6588721226408228303,%22mostSignificantBits%22:4502100739056419345,%22leastSignificantBits%22:-6588721226408228303%7D,%22longitude%22:-117.922008,%22latitude%22:33.817595%7D&attractionLocation=%7B%22longitude%22:31.769125,%22latitude%22:-106.44487%7D
16:19:34.047 [Test worker] DEBUG org.springframework.web.client.RestTemplate - Accept=[application/json, application/*+json]
16:19:34.049 [Test worker] DEBUG org.springframework.web.client.RestTemplate - Response 200 OK
16:19:34.050 [Test worker] DEBUG org.springframework.web.client.RestTemplate - Reading to [java.lang.Boolean]
16:19:34.054 [Test worker] DEBUG org.springframework.web.client.RestTemplate - HTTP GET http://localhost:5000/nearAttraction?visitorLocation=%7B%22attractionName%22:%22Disneyland%22,%22city%22:%22Anaheim%22,%22state%22:%22CA%22,%22attractionId%22:%7B%22mostSigBits%22:4502100739056419345,%22leastSigBits%22:-6588721226408228303,%22mostSignificantBits%22:4502100739056419345,%22leastSignificantBits%22:-6588721226408228303%7D,%22longitude%22:-117.922008,%22latitude%22:33.817595%7D&attractionLocation=%7B%22longitude%22:39.007504,%22latitude%22:-94.529625%7D
16:19:34.054 [Test worker] DEBUG org.springframework.web.client.RestTemplate - Accept=[application/json, application/*+json]
16:19:34.056 [Test worker] DEBUG org.springframework.web.client.RestTemplate - Response 200 OK
16:19:34.057 [Test worker] DEBUG org.springframework.web.client.RestTemplate - Reading to [java.lang.Boolean]
16:19:34.061 [Test worker] DEBUG org.springframework.web.client.RestTemplate - HTTP GET http://localhost:5000/nearAttraction?visitorLocation=%7B%22attractionName%22:%22Disneyland%22,%22city%22:%22Anaheim%22,%22state%22:%22CA%22,%22attractionId%22:%7B%22mostSigBits%22:4502100739056419345,%22leastSigBits%22:-6588721226408228303,%22mostSignificantBits%22:4502100739056419345,%22leastSignificantBits%22:-6588721226408228303%7D,%22longitude%22:-117.922008,%22latitude%22:33.817595%7D&attractionLocation=%7B%22longitude%22:40.852905,%22latitude%22:-73.872971%7D
16:19:34.061 [Test worker] DEBUG org.springframework.web.client.RestTemplate - Accept=[application/json, application/*+json]
16:19:34.063 [Test worker] DEBUG org.springframework.web.client.RestTemplate - Response 200 OK
16:19:34.064 [Test worker] DEBUG org.springframework.web.client.RestTemplate - Reading to [java.lang.Boolean]
16:19:34.069 [Test worker] DEBUG org.springframework.web.client.RestTemplate - HTTP GET http://localhost:5000/nearAttraction?visitorLocation=%7B%22attractionName%22:%22Disneyland%22,%22city%22:%22Anaheim%22,%22state%22:%22CA%22,%22attractionId%22:%7B%22mostSigBits%22:4502100739056419345,%22leastSigBits%22:-6588721226408228303,%22mostSignificantBits%22:4502100739056419345,%22leastSignificantBits%22:-6588721226408228303%7D,%22longitude%22:-117.922008,%22latitude%22:33.817595%7D&attractionLocation=%7B%22longitude%22:28.419411,%22latitude%22:-81.5812%7D
16:19:34.069 [Test worker] DEBUG org.springframework.web.client.RestTemplate - Accept=[application/json, application/*+json]
16:19:34.073 [Test worker] DEBUG org.springframework.web.client.RestTemplate - Response 200 OK
16:19:34.073 [Test worker] DEBUG org.springframework.web.client.RestTemplate - Reading to [java.lang.Boolean]
16:19:34.076 [Test worker] DEBUG org.springframework.web.client.RestTemplate - HTTP GET http://localhost:5000/nearAttraction?visitorLocation=%7B%22longitude%22:-39.737526,%22latitude%22:29.753179%7D&attractionLocation=%7B%22longitude%22:33.817595,%22latitude%22:-117.922008%7D
16:19:34.077 [Test worker] DEBUG org.springframework.web.client.RestTemplate - Accept=[application/json, application/*+json]
16:19:34.079 [Test worker] DEBUG org.springframework.web.client.RestTemplate - Response 200 OK
16:19:34.080 [Test worker] DEBUG org.springframework.web.client.RestTemplate - Reading to [java.lang.Boolean]
16:19:34.084 [Test worker] DEBUG org.springframework.web.client.RestTemplate - HTTP GET http://localhost:5000/nearAttraction?visitorLocation=%7B%22longitude%22:-39.737526,%22latitude%22:29.753179%7D&attractionLocation=%7B%22longitude%22:43.582767,%22latitude%22:-110.821999%7D
16:19:34.085 [Test worker] DEBUG org.springframework.web.client.RestTemplate - Accept=[application/json, application/*+json]
16:19:34.086 [Test worker] DEBUG org.springframework.web.client.RestTemplate - Response 200 OK
16:19:34.087 [Test worker] DEBUG org.springframework.web.client.RestTemplate - Reading to [java.lang.Boolean]
16:19:34.089 [Test worker] DEBUG org.springframework.web.client.RestTemplate - HTTP GET http://localhost:5000/nearAttraction?visitorLocation=%7B%22longitude%22:-39.737526,%22latitude%22:29.753179%7D&attractionLocation=%7B%22longitude%22:35.141689,%22latitude%22:-115.510399%7D
16:19:34.090 [Test worker] DEBUG org.springframework.web.client.RestTemplate - Accept=[application/json, application/*+json]
16:19:34.093 [Test worker] DEBUG org.springframework.web.client.RestTemplate - Response 200 OK
16:19:34.093 [Test worker] DEBUG org.springframework.web.client.RestTemplate - Reading to [java.lang.Boolean]
16:19:34.097 [Test worker] DEBUG org.springframework.web.client.RestTemplate - HTTP GET http://localhost:5000/nearAttraction?visitorLocation=%7B%22longitude%22:-39.737526,%22latitude%22:29.753179%7D&attractionLocation=%7B%22longitude%22:33.881866,%22latitude%22:-115.90065%7D
16:19:34.098 [Test worker] DEBUG org.springframework.web.client.RestTemplate - Accept=[application/json, application/*+json]
16:19:34.100 [Test worker] DEBUG org.springframework.web.client.RestTemplate - Response 200 OK
16:19:34.100 [Test worker] DEBUG org.springframework.web.client.RestTemplate - Reading to [java.lang.Boolean]
16:19:34.104 [Test worker] DEBUG org.springframework.web.client.RestTemplate - HTTP GET http://localhost:5000/nearAttraction?visitorLocation=%7B%22longitude%22:-39.737526,%22latitude%22:29.753179%7D&attractionLocation=%7B%22longitude%22:35.985512,%22latitude%22:-92.757652%7D
16:19:34.104 [Test worker] DEBUG org.springframework.web.client.RestTemplate - Accept=[application/json, application/*+json]
16:19:34.106 [Test worker] DEBUG org.springframework.web.client.RestTemplate - Response 200 OK
16:19:34.107 [Test worker] DEBUG org.springframework.web.client.RestTemplate - Reading to [java.lang.Boolean]
16:19:34.111 [Test worker] DEBUG org.springframework.web.client.RestTemplate - HTTP GET http://localhost:5000/nearAttraction?visitorLocation=%7B%22longitude%22:-39.737526,%22latitude%22:29.753179%7D&attractionLocation=%7B%22longitude%22:34.52153,%22latitude%22:-93.042267%7D
16:19:34.111 [Test worker] DEBUG org.springframework.web.client.RestTemplate - Accept=[application/json, application/*+json]
16:19:34.114 [Test worker] DEBUG org.springframework.web.client.RestTemplate - Response 200 OK
16:19:34.114 [Test worker] DEBUG org.springframework.web.client.RestTemplate - Reading to [java.lang.Boolean]
16:19:34.117 [Test worker] DEBUG org.springframework.web.client.RestTemplate - HTTP GET http://localhost:5000/nearAttraction?visitorLocation=%7B%22longitude%22:-39.737526,%22latitude%22:29.753179%7D&attractionLocation=%7B%22longitude%22:31.837551,%22latitude%22:-110.347382%7D
16:19:34.118 [Test worker] DEBUG org.springframework.web.client.RestTemplate - Accept=[application/json, application/*+json]
16:19:34.119 [Test worker] DEBUG org.springframework.web.client.RestTemplate - Response 200 OK
16:19:34.120 [Test worker] DEBUG org.springframework.web.client.RestTemplate - Reading to [java.lang.Boolean]
16:19:34.122 [Test worker] DEBUG org.springframework.web.client.RestTemplate - HTTP GET http://localhost:5000/nearAttraction?visitorLocation=%7B%22longitude%22:-39.737526,%22latitude%22:29.753179%7D&attractionLocation=%7B%22longitude%22:39.937778,%22latitude%22:-82.40667%7D
16:19:34.122 [Test worker] DEBUG org.springframework.web.client.RestTemplate - Accept=[application/json, application/*+json]
16:19:34.124 [Test worker] DEBUG org.springframework.web.client.RestTemplate - Response 200 OK
16:19:34.124 [Test worker] DEBUG org.springframework.web.client.RestTemplate - Reading to [java.lang.Boolean]
16:19:34.128 [Test worker] DEBUG org.springframework.web.client.RestTemplate - HTTP GET http://localhost:5000/nearAttraction?visitorLocation=%7B%22longitude%22:-39.737526,%22latitude%22:29.753179%7D&attractionLocation=%7B%22longitude%22:37.131527,%22latitude%22:-84.07486%7D
16:19:34.128 [Test worker] DEBUG org.springframework.web.client.RestTemplate - Accept=[application/json, application/*+json]
16:19:34.130 [Test worker] DEBUG org.springframework.web.client.RestTemplate - Response 200 OK
16:19:34.130 [Test worker] DEBUG org.springframework.web.client.RestTemplate - Reading to [java.lang.Boolean]
16:19:34.133 [Test worker] DEBUG org.springframework.web.client.RestTemplate - HTTP GET http://localhost:5000/nearAttraction?visitorLocation=%7B%22longitude%22:-39.737526,%22latitude%22:29.753179%7D&attractionLocation=%7B%22longitude%22:61.218887,%22latitude%22:-149.877502%7D
16:19:34.134 [Test worker] DEBUG org.springframework.web.client.RestTemplate - Accept=[application/json, application/*+json]
16:19:34.136 [Test worker] DEBUG org.springframework.web.client.RestTemplate - Response 200 OK
16:19:34.136 [Test worker] DEBUG org.springframework.web.client.RestTemplate - Reading to [java.lang.Boolean]
16:19:34.138 [Test worker] DEBUG org.springframework.web.client.RestTemplate - HTTP GET http://localhost:5000/nearAttraction?visitorLocation=%7B%22longitude%22:-39.737526,%22latitude%22:29.753179%7D&attractionLocation=%7B%22longitude%22:40.741112,%22latitude%22:-73.989723%7D
16:19:34.139 [Test worker] DEBUG org.springframework.web.client.RestTemplate - Accept=[application/json, application/*+json]
16:19:34.140 [Test worker] DEBUG org.springframework.web.client.RestTemplate - Response 200 OK
16:19:34.141 [Test worker] DEBUG org.springframework.web.client.RestTemplate - Reading to [java.lang.Boolean]
16:19:34.144 [Test worker] DEBUG org.springframework.web.client.RestTemplate - HTTP GET http://localhost:5000/nearAttraction?visitorLocation=%7B%22longitude%22:-39.737526,%22latitude%22:29.753179%7D&attractionLocation=%7B%22longitude%22:39.906113,%22latitude%22:-79.468056%7D
16:19:34.144 [Test worker] DEBUG org.springframework.web.client.RestTemplate - Accept=[application/json, application/*+json]
16:19:34.145 [Test worker] DEBUG org.springframework.web.client.RestTemplate - Response 200 OK
16:19:34.146 [Test worker] DEBUG org.springframework.web.client.RestTemplate - Reading to [java.lang.Boolean]
16:19:34.148 [Test worker] DEBUG org.springframework.web.client.RestTemplate - HTTP GET http://localhost:5000/nearAttraction?visitorLocation=%7B%22longitude%22:-39.737526,%22latitude%22:29.753179%7D&attractionLocation=%7B%22longitude%22:38.897095,%22latitude%22:-77.006332%7D
16:19:34.148 [Test worker] DEBUG org.springframework.web.client.RestTemplate - Accept=[application/json, application/*+json]
16:19:34.150 [Test worker] DEBUG org.springframework.web.client.RestTemplate - Response 200 OK
16:19:34.150 [Test worker] DEBUG org.springframework.web.client.RestTemplate - Reading to [java.lang.Boolean]
16:19:34.152 [Test worker] DEBUG org.springframework.web.client.RestTemplate - HTTP GET http://localhost:5000/nearAttraction?visitorLocation=%7B%22longitude%22:-39.737526,%22latitude%22:29.753179%7D&attractionLocation=%7B%22longitude%22:26.890959,%22latitude%22:-80.116577%7D
16:19:34.153 [Test worker] DEBUG org.springframework.web.client.RestTemplate - Accept=[application/json, application/*+json]
16:19:34.155 [Test worker] DEBUG org.springframework.web.client.RestTemplate - Response 200 OK
16:19:34.155 [Test worker] DEBUG org.springframework.web.client.RestTemplate - Reading to [java.lang.Boolean]
16:19:34.158 [Test worker] DEBUG org.springframework.web.client.RestTemplate - HTTP GET http://localhost:5000/nearAttraction?visitorLocation=%7B%22longitude%22:-39.737526,%22latitude%22:29.753179%7D&attractionLocation=%7B%22longitude%22:30.283682,%22latitude%22:-97.732536%7D
16:19:34.158 [Test worker] DEBUG org.springframework.web.client.RestTemplate - Accept=[application/json, application/*+json]
16:19:34.160 [Test worker] DEBUG org.springframework.web.client.RestTemplate - Response 200 OK
16:19:34.160 [Test worker] DEBUG org.springframework.web.client.RestTemplate - Reading to [java.lang.Boolean]
16:19:34.163 [Test worker] DEBUG org.springframework.web.client.RestTemplate - HTTP GET http://localhost:5000/nearAttraction?visitorLocation=%7B%22longitude%22:-39.737526,%22latitude%22:29.753179%7D&attractionLocation=%7B%22longitude%22:33.208973,%22latitude%22:-87.550438%7D
16:19:34.163 [Test worker] DEBUG org.springframework.web.client.RestTemplate - Accept=[application/json, application/*+json]
16:19:34.165 [Test worker] DEBUG org.springframework.web.client.RestTemplate - Response 200 OK
16:19:34.165 [Test worker] DEBUG org.springframework.web.client.RestTemplate - Reading to [java.lang.Boolean]
16:19:34.168 [Test worker] DEBUG org.springframework.web.client.RestTemplate - HTTP GET http://localhost:5000/nearAttraction?visitorLocation=%7B%22longitude%22:-39.737526,%22latitude%22:29.753179%7D&attractionLocation=%7B%22longitude%22:30.412035,%22latitude%22:-91.183815%7D
16:19:34.168 [Test worker] DEBUG org.springframework.web.client.RestTemplate - Accept=[application/json, application/*+json]
16:19:34.170 [Test worker] DEBUG org.springframework.web.client.RestTemplate - Response 200 OK
16:19:34.171 [Test worker] DEBUG org.springframework.web.client.RestTemplate - Reading to [java.lang.Boolean]
16:19:34.174 [Test worker] DEBUG org.springframework.web.client.RestTemplate - HTTP GET http://localhost:5000/nearAttraction?visitorLocation=%7B%22longitude%22:-39.737526,%22latitude%22:29.753179%7D&attractionLocation=%7B%22longitude%22:35.955013,%22latitude%22:-83.925011%7D
16:19:34.175 [Test worker] DEBUG org.springframework.web.client.RestTemplate - Accept=[application/json, application/*+json]
16:19:34.176 [Test worker] DEBUG org.springframework.web.client.RestTemplate - Response 200 OK
16:19:34.177 [Test worker] DEBUG org.springframework.web.client.RestTemplate - Reading to [java.lang.Boolean]
16:19:34.180 [Test worker] DEBUG org.springframework.web.client.RestTemplate - HTTP GET http://localhost:5000/nearAttraction?visitorLocation=%7B%22longitude%22:-39.737526,%22latitude%22:29.753179%7D&attractionLocation=%7B%22longitude%22:30.61025,%22latitude%22:-96.339844%7D
16:19:34.180 [Test worker] DEBUG org.springframework.web.client.RestTemplate - Accept=[application/json, application/*+json]
16:19:34.182 [Test worker] DEBUG org.springframework.web.client.RestTemplate - Response 200 OK
16:19:34.182 [Test worker] DEBUG org.springframework.web.client.RestTemplate - Reading to [java.lang.Boolean]
16:19:34.185 [Test worker] DEBUG org.springframework.web.client.RestTemplate - HTTP GET http://localhost:5000/nearAttraction?visitorLocation=%7B%22longitude%22:-39.737526,%22latitude%22:29.753179%7D&attractionLocation=%7B%22longitude%22:32.735317,%22latitude%22:-117.149048%7D
16:19:34.185 [Test worker] DEBUG org.springframework.web.client.RestTemplate - Accept=[application/json, application/*+json]
16:19:34.187 [Test worker] DEBUG org.springframework.web.client.RestTemplate - Response 200 OK
16:19:34.187 [Test worker] DEBUG org.springframework.web.client.RestTemplate - Reading to [java.lang.Boolean]
16:19:34.189 [Test worker] DEBUG org.springframework.web.client.RestTemplate - HTTP GET http://localhost:5000/nearAttraction?visitorLocation=%7B%22longitude%22:-39.737526,%22latitude%22:29.753179%7D&attractionLocation=%7B%22longitude%22:28.012804,%22latitude%22:-82.469269%7D
16:19:34.190 [Test worker] DEBUG org.springframework.web.client.RestTemplate - Accept=[application/json, application/*+json]
16:19:34.192 [Test worker] DEBUG org.springframework.web.client.RestTemplate - Response 200 OK
16:19:34.192 [Test worker] DEBUG org.springframework.web.client.RestTemplate - Reading to [java.lang.Boolean]
16:19:34.195 [Test worker] DEBUG org.springframework.web.client.RestTemplate - HTTP GET http://localhost:5000/nearAttraction?visitorLocation=%7B%22longitude%22:-39.737526,%22latitude%22:29.753179%7D&attractionLocation=%7B%22longitude%22:42.302601,%22latitude%22:-71.086731%7D
16:19:34.195 [Test worker] DEBUG org.springframework.web.client.RestTemplate - Accept=[application/json, application/*+json]
16:19:34.197 [Test worker] DEBUG org.springframework.web.client.RestTemplate - Response 200 OK
16:19:34.197 [Test worker] DEBUG org.springframework.web.client.RestTemplate - Reading to [java.lang.Boolean]
16:19:34.199 [Test worker] DEBUG org.springframework.web.client.RestTemplate - HTTP GET http://localhost:5000/nearAttraction?visitorLocation=%7B%22longitude%22:-39.737526,%22latitude%22:29.753179%7D&attractionLocation=%7B%22longitude%22:31.769125,%22latitude%22:-106.44487%7D
16:19:34.200 [Test worker] DEBUG org.springframework.web.client.RestTemplate - Accept=[application/json, application/*+json]
16:19:34.201 [Test worker] DEBUG org.springframework.web.client.RestTemplate - Response 200 OK
16:19:34.202 [Test worker] DEBUG org.springframework.web.client.RestTemplate - Reading to [java.lang.Boolean]
16:19:34.206 [Test worker] DEBUG org.springframework.web.client.RestTemplate - HTTP GET http://localhost:5000/nearAttraction?visitorLocation=%7B%22longitude%22:-39.737526,%22latitude%22:29.753179%7D&attractionLocation=%7B%22longitude%22:39.007504,%22latitude%22:-94.529625%7D
16:19:34.206 [Test worker] DEBUG org.springframework.web.client.RestTemplate - Accept=[application/json, application/*+json]
16:19:34.208 [Test worker] DEBUG org.springframework.web.client.RestTemplate - Response 200 OK
16:19:34.208 [Test worker] DEBUG org.springframework.web.client.RestTemplate - Reading to [java.lang.Boolean]
16:19:34.210 [Test worker] DEBUG org.springframework.web.client.RestTemplate - HTTP GET http://localhost:5000/nearAttraction?visitorLocation=%7B%22longitude%22:-39.737526,%22latitude%22:29.753179%7D&attractionLocation=%7B%22longitude%22:40.852905,%22latitude%22:-73.872971%7D
16:19:34.211 [Test worker] DEBUG org.springframework.web.client.RestTemplate - Accept=[application/json, application/*+json]
16:19:34.212 [Test worker] DEBUG org.springframework.web.client.RestTemplate - Response 200 OK
16:19:34.213 [Test worker] DEBUG org.springframework.web.client.RestTemplate - Reading to [java.lang.Boolean]
16:19:34.215 [Test worker] DEBUG org.springframework.web.client.RestTemplate - HTTP GET http://localhost:5000/nearAttraction?visitorLocation=%7B%22longitude%22:-39.737526,%22latitude%22:29.753179%7D&attractionLocation=%7B%22longitude%22:28.419411,%22latitude%22:-81.5812%7D
16:19:34.216 [Test worker] DEBUG org.springframework.web.client.RestTemplate - Accept=[application/json, application/*+json]
16:19:34.217 [Test worker] DEBUG org.springframework.web.client.RestTemplate - Response 200 OK
16:19:34.218 [Test worker] DEBUG org.springframework.web.client.RestTemplate - Reading to [java.lang.Boolean]
16:19:34.218 [Test worker] DEBUG tourGuide.tracker.Tracker - Stop Tracker.
16:19:34.222 [Test worker] INFO tourGuide.service.TestService - TestMode enabled
16:19:34.222 [Test worker] DEBUG tourGuide.service.TestService - Initializing users
16:19:34.233 [Test worker] DEBUG tourGuide.service.TestService - Created 100 internal test users.
16:19:34.234 [Test worker] DEBUG tourGuide.service.TestService - Finished initializing users
16:19:34.234 [pool-2-thread-1] DEBUG tourGuide.tracker.Tracker - Begin Tracker. Tracking 100 users.
16:19:34.270 [Test worker] DEBUG org.springframework.web.client.RestTemplate - HTTP GET http://localhost:5000/nearAttraction?visitorLocation=%7B%22attractionName%22:%22Disneyland%22,%22city%22:%22Anaheim%22,%22state%22:%22CA%22,%22attractionId%22:%7B%22mostSigBits%22:391820391846921639,%22leastSigBits%22:-7026020535199450392,%22mostSignificantBits%22:391820391846921639,%22leastSignificantBits%22:-7026020535199450392%7D,%22longitude%22:-117.922008,%22latitude%22:33.817595%7D&attractionLocation=%7B%22longitude%22:33.817595,%22latitude%22:-117.922008%7D
16:19:34.271 [Test worker] DEBUG org.springframework.web.client.RestTemplate - Accept=[application/json, application/*+json]
16:19:34.273 [Test worker] DEBUG org.springframework.web.client.RestTemplate - Response 200 OK
16:19:34.273 [Test worker] DEBUG org.springframework.web.client.RestTemplate - Reading to [java.lang.Boolean]
16:19:34.277 [Test worker] DEBUG org.springframework.web.client.RestTemplate - HTTP GET http://localhost:5000/nearAttraction?visitorLocation=%7B%22attractionName%22:%22Disneyland%22,%22city%22:%22Anaheim%22,%22state%22:%22CA%22,%22attractionId%22:%7B%22mostSigBits%22:391820391846921639,%22leastSigBits%22:-7026020535199450392,%22mostSignificantBits%22:391820391846921639,%22leastSignificantBits%22:-7026020535199450392%7D,%22longitude%22:-117.922008,%22latitude%22:33.817595%7D&attractionLocation=%7B%22longitude%22:43.582767,%22latitude%22:-110.821999%7D
16:19:34.278 [Test worker] DEBUG org.springframework.web.client.RestTemplate - Accept=[application/json, application/*+json]
16:19:34.279 [Test worker] DEBUG org.springframework.web.client.RestTemplate - Response 200 OK
16:19:34.280 [Test worker] DEBUG org.springframework.web.client.RestTemplate - Reading to [java.lang.Boolean]
16:19:34.284 [Test worker] DEBUG org.springframework.web.client.RestTemplate - HTTP GET http://localhost:5000/nearAttraction?visitorLocation=%7B%22attractionName%22:%22Disneyland%22,%22city%22:%22Anaheim%22,%22state%22:%22CA%22,%22attractionId%22:%7B%22mostSigBits%22:391820391846921639,%22leastSigBits%22:-7026020535199450392,%22mostSignificantBits%22:391820391846921639,%22leastSignificantBits%22:-7026020535199450392%7D,%22longitude%22:-117.922008,%22latitude%22:33.817595%7D&attractionLocation=%7B%22longitude%22:35.141689,%22latitude%22:-115.510399%7D
16:19:34.284 [Test worker] DEBUG org.springframework.web.client.RestTemplate - Accept=[application/json, application/*+json]
16:19:34.286 [Test worker] DEBUG org.springframework.web.client.RestTemplate - Response 200 OK
16:19:34.286 [Test worker] DEBUG org.springframework.web.client.RestTemplate - Reading to [java.lang.Boolean]
16:19:34.290 [Test worker] DEBUG org.springframework.web.client.RestTemplate - HTTP GET http://localhost:5000/nearAttraction?visitorLocation=%7B%22attractionName%22:%22Disneyland%22,%22city%22:%22Anaheim%22,%22state%22:%22CA%22,%22attractionId%22:%7B%22mostSigBits%22:391820391846921639,%22leastSigBits%22:-7026020535199450392,%22mostSignificantBits%22:391820391846921639,%22leastSignificantBits%22:-7026020535199450392%7D,%22longitude%22:-117.922008,%22latitude%22:33.817595%7D&attractionLocation=%7B%22longitude%22:33.881866,%22latitude%22:-115.90065%7D
16:19:34.290 [Test worker] DEBUG org.springframework.web.client.RestTemplate - Accept=[application/json, application/*+json]
16:19:34.292 [Test worker] DEBUG org.springframework.web.client.RestTemplate - Response 200 OK
16:19:34.293 [Test worker] DEBUG org.springframework.web.client.RestTemplate - Reading to [java.lang.Boolean]
16:19:34.296 [Test worker] DEBUG org.springframework.web.client.RestTemplate - HTTP GET http://localhost:5000/nearAttraction?visitorLocation=%7B%22attractionName%22:%22Disneyland%22,%22city%22:%22Anaheim%22,%22state%22:%22CA%22,%22attractionId%22:%7B%22mostSigBits%22:391820391846921639,%22leastSigBits%22:-7026020535199450392,%22mostSignificantBits%22:391820391846921639,%22leastSignificantBits%22:-7026020535199450392%7D,%22longitude%22:-117.922008,%22latitude%22:33.817595%7D&attractionLocation=%7B%22longitude%22:35.985512,%22latitude%22:-92.757652%7D
16:19:34.296 [Test worker] DEBUG org.springframework.web.client.RestTemplate - Accept=[application/json, application/*+json]
16:19:34.299 [Test worker] DEBUG org.springframework.web.client.RestTemplate - Response 200 OK
16:19:34.299 [Test worker] DEBUG org.springframework.web.client.RestTemplate - Reading to [java.lang.Boolean]
16:19:34.303 [Test worker] DEBUG org.springframework.web.client.RestTemplate - HTTP GET http://localhost:5000/nearAttraction?visitorLocation=%7B%22attractionName%22:%22Disneyland%22,%22city%22:%22Anaheim%22,%22state%22:%22CA%22,%22attractionId%22:%7B%22mostSigBits%22:391820391846921639,%22leastSigBits%22:-7026020535199450392,%22mostSignificantBits%22:391820391846921639,%22leastSignificantBits%22:-7026020535199450392%7D,%22longitude%22:-117.922008,%22latitude%22:33.817595%7D&attractionLocation=%7B%22longitude%22:34.52153,%22latitude%22:-93.042267%7D
16:19:34.304 [Test worker] DEBUG org.springframework.web.client.RestTemplate - Accept=[application/json, application/*+json]
16:19:34.306 [Test worker] DEBUG org.springframework.web.client.RestTemplate - Response 200 OK
16:19:34.307 [Test worker] DEBUG org.springframework.web.client.RestTemplate - Reading to [java.lang.Boolean]
16:19:34.311 [Test worker] DEBUG org.springframework.web.client.RestTemplate - HTTP GET http://localhost:5000/nearAttraction?visitorLocation=%7B%22attractionName%22:%22Disneyland%22,%22city%22:%22Anaheim%22,%22state%22:%22CA%22,%22attractionId%22:%7B%22mostSigBits%22:391820391846921639,%22leastSigBits%22:-7026020535199450392,%22mostSignificantBits%22:391820391846921639,%22leastSignificantBits%22:-7026020535199450392%7D,%22longitude%22:-117.922008,%22latitude%22:33.817595%7D&attractionLocation=%7B%22longitude%22:31.837551,%22latitude%22:-110.347382%7D
16:19:34.313 [Test worker] DEBUG org.springframework.web.client.RestTemplate - Accept=[application/json, application/*+json]
16:19:34.316 [Test worker] DEBUG org.springframework.web.client.RestTemplate - Response 200 OK
16:19:34.317 [Test worker] DEBUG org.springframework.web.client.RestTemplate - Reading to [java.lang.Boolean]
16:19:34.321 [Test worker] DEBUG org.springframework.web.client.RestTemplate - HTTP GET http://localhost:5000/nearAttraction?visitorLocation=%7B%22attractionName%22:%22Disneyland%22,%22city%22:%22Anaheim%22,%22state%22:%22CA%22,%22attractionId%22:%7B%22mostSigBits%22:391820391846921639,%22leastSigBits%22:-7026020535199450392,%22mostSignificantBits%22:391820391846921639,%22leastSignificantBits%22:-7026020535199450392%7D,%22longitude%22:-117.922008,%22latitude%22:33.817595%7D&attractionLocation=%7B%22longitude%22:39.937778,%22latitude%22:-82.40667%7D
16:19:34.322 [Test worker] DEBUG org.springframework.web.client.RestTemplate - Accept=[application/json, application/*+json]
16:19:34.325 [Test worker] DEBUG org.springframework.web.client.RestTemplate - Response 200 OK
16:19:34.326 [Test worker] DEBUG org.springframework.web.client.RestTemplate - Reading to [java.lang.Boolean]
16:19:34.330 [Test worker] DEBUG org.springframework.web.client.RestTemplate - HTTP GET http://localhost:5000/nearAttraction?visitorLocation=%7B%22attractionName%22:%22Disneyland%22,%22city%22:%22Anaheim%22,%22state%22:%22CA%22,%22attractionId%22:%7B%22mostSigBits%22:391820391846921639,%22leastSigBits%22:-7026020535199450392,%22mostSignificantBits%22:391820391846921639,%22leastSignificantBits%22:-7026020535199450392%7D,%22longitude%22:-117.922008,%22latitude%22:33.817595%7D&attractionLocation=%7B%22longitude%22:37.131527,%22latitude%22:-84.07486%7D
16:19:34.330 [Test worker] DEBUG org.springframework.web.client.RestTemplate - Accept=[application/json, application/*+json]
16:19:34.335 [Test worker] DEBUG org.springframework.web.client.RestTemplate - Response 200 OK
16:19:34.335 [Test worker] DEBUG org.springframework.web.client.RestTemplate - Reading to [java.lang.Boolean]
16:19:34.339 [Test worker] DEBUG org.springframework.web.client.RestTemplate - HTTP GET http://localhost:5000/nearAttraction?visitorLocation=%7B%22attractionName%22:%22Disneyland%22,%22city%22:%22Anaheim%22,%22state%22:%22CA%22,%22attractionId%22:%7B%22mostSigBits%22:391820391846921639,%22leastSigBits%22:-7026020535199450392,%22mostSignificantBits%22:391820391846921639,%22leastSignificantBits%22:-7026020535199450392%7D,%22longitude%22:-117.922008,%22latitude%22:33.817595%7D&attractionLocation=%7B%22longitude%22:61.218887,%22latitude%22:-149.877502%7D
16:19:34.339 [Test worker] DEBUG org.springframework.web.client.RestTemplate - Accept=[application/json, application/*+json]
16:19:34.341 [Test worker] DEBUG org.springframework.web.client.RestTemplate - Response 200 OK
16:19:34.342 [Test worker] DEBUG org.springframework.web.client.RestTemplate - Reading to [java.lang.Boolean]
16:19:34.346 [Test worker] DEBUG org.springframework.web.client.RestTemplate - HTTP GET http://localhost:5000/nearAttraction?visitorLocation=%7B%22attractionName%22:%22Disneyland%22,%22city%22:%22Anaheim%22,%22state%22:%22CA%22,%22attractionId%22:%7B%22mostSigBits%22:391820391846921639,%22leastSigBits%22:-7026020535199450392,%22mostSignificantBits%22:391820391846921639,%22leastSignificantBits%22:-7026020535199450392%7D,%22longitude%22:-117.922008,%22latitude%22:33.817595%7D&attractionLocation=%7B%22longitude%22:40.741112,%22latitude%22:-73.989723%7D
16:19:34.346 [Test worker] DEBUG org.springframework.web.client.RestTemplate - Accept=[application/json, application/*+json]
16:19:34.348 [Test worker] DEBUG org.springframework.web.client.RestTemplate - Response 200 OK
16:19:34.348 [Test worker] DEBUG org.springframework.web.client.RestTemplate - Reading to [java.lang.Boolean]
16:19:34.351 [Test worker] DEBUG org.springframework.web.client.RestTemplate - HTTP GET http://localhost:5000/nearAttraction?visitorLocation=%7B%22attractionName%22:%22Disneyland%22,%22city%22:%22Anaheim%22,%22state%22:%22CA%22,%22attractionId%22:%7B%22mostSigBits%22:391820391846921639,%22leastSigBits%22:-7026020535199450392,%22mostSignificantBits%22:391820391846921639,%22leastSignificantBits%22:-7026020535199450392%7D,%22longitude%22:-117.922008,%22latitude%22:33.817595%7D&attractionLocation=%7B%22longitude%22:39.906113,%22latitude%22:-79.468056%7D
16:19:34.352 [Test worker] DEBUG org.springframework.web.client.RestTemplate - Accept=[application/json, application/*+json]
16:19:34.354 [Test worker] DEBUG org.springframework.web.client.RestTemplate - Response 200 OK
16:19:34.354 [Test worker] DEBUG org.springframework.web.client.RestTemplate - Reading to [java.lang.Boolean]
16:19:34.357 [Test worker] DEBUG org.springframework.web.client.RestTemplate - HTTP GET http://localhost:5000/nearAttraction?visitorLocation=%7B%22attractionName%22:%22Disneyland%22,%22city%22:%22Anaheim%22,%22state%22:%22CA%22,%22attractionId%22:%7B%22mostSigBits%22:391820391846921639,%22leastSigBits%22:-7026020535199450392,%22mostSignificantBits%22:391820391846921639,%22leastSignificantBits%22:-7026020535199450392%7D,%22longitude%22:-117.922008,%22latitude%22:33.817595%7D&attractionLocation=%7B%22longitude%22:38.897095,%22latitude%22:-77.006332%7D
16:19:34.357 [Test worker] DEBUG org.springframework.web.client.RestTemplate - Accept=[application/json, application/*+json]
16:19:34.360 [Test worker] DEBUG org.springframework.web.client.RestTemplate - Response 200 OK
16:19:34.360 [Test worker] DEBUG org.springframework.web.client.RestTemplate - Reading to [java.lang.Boolean]
16:19:34.363 [Test worker] DEBUG org.springframework.web.client.RestTemplate - HTTP GET http://localhost:5000/nearAttraction?visitorLocation=%7B%22attractionName%22:%22Disneyland%22,%22city%22:%22Anaheim%22,%22state%22:%22CA%22,%22attractionId%22:%7B%22mostSigBits%22:391820391846921639,%22leastSigBits%22:-7026020535199450392,%22mostSignificantBits%22:391820391846921639,%22leastSignificantBits%22:-7026020535199450392%7D,%22longitude%22:-117.922008,%22latitude%22:33.817595%7D&attractionLocation=%7B%22longitude%22:26.890959,%22latitude%22:-80.116577%7D
16:19:34.363 [Test worker] DEBUG org.springframework.web.client.RestTemplate - Accept=[application/json, application/*+json]
16:19:34.365 [Test worker] DEBUG org.springframework.web.client.RestTemplate - Response 200 OK
16:19:34.366 [Test worker] DEBUG org.springframework.web.client.RestTemplate - Reading to [java.lang.Boolean]
16:19:34.369 [Test worker] DEBUG org.springframework.web.client.RestTemplate - HTTP GET http://localhost:5000/nearAttraction?visitorLocation=%7B%22attractionName%22:%22Disneyland%22,%22city%22:%22Anaheim%22,%22state%22:%22CA%22,%22attractionId%22:%7B%22mostSigBits%22:391820391846921639,%22leastSigBits%22:-7026020535199450392,%22mostSignificantBits%22:391820391846921639,%22leastSignificantBits%22:-7026020535199450392%7D,%22longitude%22:-117.922008,%22latitude%22:33.817595%7D&attractionLocation=%7B%22longitude%22:30.283682,%22latitude%22:-97.732536%7D
16:19:34.370 [Test worker] DEBUG org.springframework.web.client.RestTemplate - Accept=[application/json, application/*+json]
16:19:34.372 [Test worker] DEBUG org.springframework.web.client.RestTemplate - Response 200 OK
16:19:34.373 [Test worker] DEBUG org.springframework.web.client.RestTemplate - Reading to [java.lang.Boolean]
16:19:34.377 [Test worker] DEBUG org.springframework.web.client.RestTemplate - HTTP GET http://localhost:5000/nearAttraction?visitorLocation=%7B%22attractionName%22:%22Disneyland%22,%22city%22:%22Anaheim%22,%22state%22:%22CA%22,%22attractionId%22:%7B%22mostSigBits%22:391820391846921639,%22leastSigBits%22:-7026020535199450392,%22mostSignificantBits%22:391820391846921639,%22leastSignificantBits%22:-7026020535199450392%7D,%22longitude%22:-117.922008,%22latitude%22:33.817595%7D&attractionLocation=%7B%22longitude%22:33.208973,%22latitude%22:-87.550438%7D
16:19:34.378 [Test worker] DEBUG org.springframework.web.client.RestTemplate - Accept=[application/json, application/*+json]
16:19:34.380 [Test worker] DEBUG org.springframework.web.client.RestTemplate - Response 200 OK
16:19:34.380 [Test worker] DEBUG org.springframework.web.client.RestTemplate - Reading to [java.lang.Boolean]
16:19:34.383 [Test worker] DEBUG org.springframework.web.client.RestTemplate - HTTP GET http://localhost:5000/nearAttraction?visitorLocation=%7B%22attractionName%22:%22Disneyland%22,%22city%22:%22Anaheim%22,%22state%22:%22CA%22,%22attractionId%22:%7B%22mostSigBits%22:391820391846921639,%22leastSigBits%22:-7026020535199450392,%22mostSignificantBits%22:391820391846921639,%22leastSignificantBits%22:-7026020535199450392%7D,%22longitude%22:-117.922008,%22latitude%22:33.817595%7D&attractionLocation=%7B%22longitude%22:30.412035,%22latitude%22:-91.183815%7D
16:19:34.384 [Test worker] DEBUG org.springframework.web.client.RestTemplate - Accept=[application/json, application/*+json]
16:19:34.386 [Test worker] DEBUG org.springframework.web.client.RestTemplate - Response 200 OK
16:19:34.386 [Test worker] DEBUG org.springframework.web.client.RestTemplate - Reading to [java.lang.Boolean]
16:19:34.389 [Test worker] DEBUG org.springframework.web.client.RestTemplate - HTTP GET http://localhost:5000/nearAttraction?visitorLocation=%7B%22attractionName%22:%22Disneyland%22,%22city%22:%22Anaheim%22,%22state%22:%22CA%22,%22attractionId%22:%7B%22mostSigBits%22:391820391846921639,%22leastSigBits%22:-7026020535199450392,%22mostSignificantBits%22:391820391846921639,%22leastSignificantBits%22:-7026020535199450392%7D,%22longitude%22:-117.922008,%22latitude%22:33.817595%7D&attractionLocation=%7B%22longitude%22:35.955013,%22latitude%22:-83.925011%7D
16:19:34.389 [Test worker] DEBUG org.springframework.web.client.RestTemplate - Accept=[application/json, application/*+json]
16:19:34.392 [Test worker] DEBUG org.springframework.web.client.RestTemplate - Response 200 OK
16:19:34.392 [Test worker] DEBUG org.springframework.web.client.RestTemplate - Reading to [java.lang.Boolean]
16:19:34.395 [Test worker] DEBUG org.springframework.web.client.RestTemplate - HTTP GET http://localhost:5000/nearAttraction?visitorLocation=%7B%22attractionName%22:%22Disneyland%22,%22city%22:%22Anaheim%22,%22state%22:%22CA%22,%22attractionId%22:%7B%22mostSigBits%22:391820391846921639,%22leastSigBits%22:-7026020535199450392,%22mostSignificantBits%22:391820391846921639,%22leastSignificantBits%22:-7026020535199450392%7D,%22longitude%22:-117.922008,%22latitude%22:33.817595%7D&attractionLocation=%7B%22longitude%22:30.61025,%22latitude%22:-96.339844%7D
16:19:34.395 [Test worker] DEBUG org.springframework.web.client.RestTemplate - Accept=[application/json, application/*+json]
16:19:34.398 [Test worker] DEBUG org.springframework.web.client.RestTemplate - Response 200 OK
16:19:34.398 [Test worker] DEBUG org.springframework.web.client.RestTemplate - Reading to [java.lang.Boolean]
16:19:34.400 [Test worker] DEBUG org.springframework.web.client.RestTemplate - HTTP GET http://localhost:5000/nearAttraction?visitorLocation=%7B%22attractionName%22:%22Disneyland%22,%22city%22:%22Anaheim%22,%22state%22:%22CA%22,%22attractionId%22:%7B%22mostSigBits%22:391820391846921639,%22leastSigBits%22:-7026020535199450392,%22mostSignificantBits%22:391820391846921639,%22leastSignificantBits%22:-7026020535199450392%7D,%22longitude%22:-117.922008,%22latitude%22:33.817595%7D&attractionLocation=%7B%22longitude%22:32.735317,%22latitude%22:-117.149048%7D
16:19:34.400 [Test worker] DEBUG org.springframework.web.client.RestTemplate - Accept=[application/json, application/*+json]
16:19:34.402 [Test worker] DEBUG org.springframework.web.client.RestTemplate - Response 200 OK
16:19:34.403 [Test worker] DEBUG org.springframework.web.client.RestTemplate - Reading to [java.lang.Boolean]
16:19:34.406 [Test worker] DEBUG org.springframework.web.client.RestTemplate - HTTP GET http://localhost:5000/nearAttraction?visitorLocation=%7B%22attractionName%22:%22Disneyland%22,%22city%22:%22Anaheim%22,%22state%22:%22CA%22,%22attractionId%22:%7B%22mostSigBits%22:391820391846921639,%22leastSigBits%22:-7026020535199450392,%22mostSignificantBits%22:391820391846921639,%22leastSignificantBits%22:-7026020535199450392%7D,%22longitude%22:-117.922008,%22latitude%22:33.817595%7D&attractionLocation=%7B%22longitude%22:28.012804,%22latitude%22:-82.469269%7D
16:19:34.406 [Test worker] DEBUG org.springframework.web.client.RestTemplate - Accept=[application/json, application/*+json]
16:19:34.408 [Test worker] DEBUG org.springframework.web.client.RestTemplate - Response 200 OK
16:19:34.408 [Test worker] DEBUG org.springframework.web.client.RestTemplate - Reading to [java.lang.Boolean]
16:19:34.411 [Test worker] DEBUG org.springframework.web.client.RestTemplate - HTTP GET http://localhost:5000/nearAttraction?visitorLocation=%7B%22attractionName%22:%22Disneyland%22,%22city%22:%22Anaheim%22,%22state%22:%22CA%22,%22attractionId%22:%7B%22mostSigBits%22:391820391846921639,%22leastSigBits%22:-7026020535199450392,%22mostSignificantBits%22:391820391846921639,%22leastSignificantBits%22:-7026020535199450392%7D,%22longitude%22:-117.922008,%22latitude%22:33.817595%7D&attractionLocation=%7B%22longitude%22:42.302601,%22latitude%22:-71.086731%7D
16:19:34.411 [Test worker] DEBUG org.springframework.web.client.RestTemplate - Accept=[application/json, application/*+json]
16:19:34.414 [Test worker] DEBUG org.springframework.web.client.RestTemplate - Response 200 OK
16:19:34.414 [Test worker] DEBUG org.springframework.web.client.RestTemplate - Reading to [java.lang.Boolean]
16:19:34.417 [Test worker] DEBUG org.springframework.web.client.RestTemplate - HTTP GET http://localhost:5000/nearAttraction?visitorLocation=%7B%22attractionName%22:%22Disneyland%22,%22city%22:%22Anaheim%22,%22state%22:%22CA%22,%22attractionId%22:%7B%22mostSigBits%22:391820391846921639,%22leastSigBits%22:-7026020535199450392,%22mostSignificantBits%22:391820391846921639,%22leastSignificantBits%22:-7026020535199450392%7D,%22longitude%22:-117.922008,%22latitude%22:33.817595%7D&attractionLocation=%7B%22longitude%22:31.769125,%22latitude%22:-106.44487%7D
16:19:34.417 [Test worker] DEBUG org.springframework.web.client.RestTemplate - Accept=[application/json, application/*+json]
16:19:34.420 [Test worker] DEBUG org.springframework.web.client.RestTemplate - Response 200 OK
16:19:34.420 [Test worker] DEBUG org.springframework.web.client.RestTemplate - Reading to [java.lang.Boolean]
16:19:34.423 [Test worker] DEBUG org.springframework.web.client.RestTemplate - HTTP GET http://localhost:5000/nearAttraction?visitorLocation=%7B%22attractionName%22:%22Disneyland%22,%22city%22:%22Anaheim%22,%22state%22:%22CA%22,%22attractionId%22:%7B%22mostSigBits%22:391820391846921639,%22leastSigBits%22:-7026020535199450392,%22mostSignificantBits%22:391820391846921639,%22leastSignificantBits%22:-7026020535199450392%7D,%22longitude%22:-117.922008,%22latitude%22:33.817595%7D&attractionLocation=%7B%22longitude%22:39.007504,%22latitude%22:-94.529625%7D
16:19:34.424 [Test worker] DEBUG org.springframework.web.client.RestTemplate - Accept=[application/json, application/*+json]
16:19:34.425 [Test worker] DEBUG org.springframework.web.client.RestTemplate - Response 200 OK
16:19:34.426 [Test worker] DEBUG org.springframework.web.client.RestTemplate - Reading to [java.lang.Boolean]
16:19:34.428 [Test worker] DEBUG org.springframework.web.client.RestTemplate - HTTP GET http://localhost:5000/nearAttraction?visitorLocation=%7B%22attractionName%22:%22Disneyland%22,%22city%22:%22Anaheim%22,%22state%22:%22CA%22,%22attractionId%22:%7B%22mostSigBits%22:391820391846921639,%22leastSigBits%22:-7026020535199450392,%22mostSignificantBits%22:391820391846921639,%22leastSignificantBits%22:-7026020535199450392%7D,%22longitude%22:-117.922008,%22latitude%22:33.817595%7D&attractionLocation=%7B%22longitude%22:40.852905,%22latitude%22:-73.872971%7D
16:19:34.428 [Test worker] DEBUG org.springframework.web.client.RestTemplate - Accept=[application/json, application/*+json]
16:19:34.430 [Test worker] DEBUG org.springframework.web.client.RestTemplate - Response 200 OK
16:19:34.431 [Test worker] DEBUG org.springframework.web.client.RestTemplate - Reading to [java.lang.Boolean]
16:19:34.433 [Test worker] DEBUG org.springframework.web.client.RestTemplate - HTTP GET http://localhost:5000/nearAttraction?visitorLocation=%7B%22attractionName%22:%22Disneyland%22,%22city%22:%22Anaheim%22,%22state%22:%22CA%22,%22attractionId%22:%7B%22mostSigBits%22:391820391846921639,%22leastSigBits%22:-7026020535199450392,%22mostSignificantBits%22:391820391846921639,%22leastSignificantBits%22:-7026020535199450392%7D,%22longitude%22:-117.922008,%22latitude%22:33.817595%7D&attractionLocation=%7B%22longitude%22:28.419411,%22latitude%22:-81.5812%7D
16:19:34.433 [Test worker] DEBUG org.springframework.web.client.RestTemplate - Accept=[application/json, application/*+json]
16:19:34.435 [Test worker] DEBUG org.springframework.web.client.RestTemplate - Response 200 OK
16:19:34.436 [Test worker] DEBUG org.springframework.web.client.RestTemplate - Reading to [java.lang.Boolean]
16:19:34.436 [Test worker] DEBUG tourGuide.tracker.Tracker - Stop Tracker.
16:19:34.436 [Test worker] INFO tourGuide.service.TestService - TestMode enabled
16:19:34.436 [Test worker] DEBUG tourGuide.service.TestService - Initializing users
16:19:34.446 [Test worker] DEBUG tourGuide.service.TestService - Created 100 internal test users.
16:19:34.446 [Test worker] DEBUG tourGuide.service.TestService - Finished initializing users
16:19:34.447 [pool-3-thread-1] DEBUG tourGuide.tracker.Tracker - Begin Tracker. Tracking 100 users.
]]></system-out>
  <system-err><![CDATA[mars 14, 2021 4:19:32 PM org.javamoney.moneta.DefaultMonetaryContextFactory createMonetaryContextNonNullConfig
INFOS: Using custom MathContext: precision=256, roundingMode=HALF_EVEN
]]></system-err>
</testsuite>
