<?xml version="1.0" encoding="UTF-8"?>
<testsuite name="tourGuide.LocationControllerTest" tests="2" skipped="0" failures="0" errors="0" timestamp="2021-03-14T15:19:42" hostname="LAPTOP-O34I53V9" time="0.016">
  <properties/>
  <testcase name="getGetLocationShouldReturnOk" classname="tourGuide.LocationControllerTest" time="0.007"/>
  <testcase name="getAllUsersLocationsShouldReturnOk" classname="tourGuide.LocationControllerTest" time="0.007"/>
  <system-out><![CDATA[2021-03-14 16:19:41.849 warn 17452 --- [    Test worker] .b.t.a.w.s.WebMvcTestContextBootstrapper : Neither @ContextConfiguration nor @ContextHierarchy found for test class [tourGuide.LocationControllerTest], using SpringBootContextLoader
2021-03-14 16:19:41.850 warn 17452 --- [    Test worker] o.s.t.c.support.AbstractContextLoader    : Could not detect default resource locations for test class [tourGuide.LocationControllerTest]: no resource found for suffixes {-context.xml, Context.groovy}.
2021-03-14 16:19:41.850 warn 17452 --- [    Test worker] t.c.s.AnnotationConfigContextLoaderUtils : Could not detect default configuration classes for test class [tourGuide.LocationControllerTest]: LocationControllerTest does not declare any static, non-private, non-final, nested classes annotated with @Configuration.
2021-03-14 16:19:41.855 warn 17452 --- [    Test worker] .b.t.c.SpringBootTestContextBootstrapper : Found @SpringBootConfiguration tourGuide.Application for test class tourGuide.LocationControllerTest
2021-03-14 16:19:41.856 warn 17452 --- [    Test worker] .b.t.a.w.s.WebMvcTestContextBootstrapper : Loaded default TestExecutionListener class names from location [META-INF/spring.factories]: [org.springframework.boot.test.autoconfigure.restdocs.RestDocsTestExecutionListener, org.springframework.boot.test.autoconfigure.web.client.MockRestServiceServerResetTestExecutionListener, org.springframework.boot.test.autoconfigure.web.servlet.MockMvcPrintOnlyOnFailureTestExecutionListener, org.springframework.boot.test.autoconfigure.web.servlet.WebDriverTestExecutionListener, org.springframework.boot.test.mock.mockito.MockitoTestExecutionListener, org.springframework.boot.test.mock.mockito.ResetMocksTestExecutionListener, org.springframework.test.context.web.ServletTestExecutionListener, org.springframework.test.context.support.DirtiesContextBeforeModesTestExecutionListener, org.springframework.test.context.support.DependencyInjectionTestExecutionListener, org.springframework.test.context.support.DirtiesContextTestExecutionListener, org.springframework.test.context.transaction.TransactionalTestExecutionListener, org.springframework.test.context.jdbc.SqlScriptsTestExecutionListener]
2021-03-14 16:19:41.857 warn 17452 --- [    Test worker] .b.t.a.w.s.WebMvcTestContextBootstrapper : Using TestExecutionListeners: [org.springframework.test.context.web.ServletTestExecutionListener@6b6c5d83, org.springframework.test.context.support.DirtiesContextBeforeModesTestExecutionListener@7bb33d56, org.springframework.boot.test.mock.mockito.MockitoTestExecutionListener@4361f40b, org.springframework.boot.test.autoconfigure.SpringBootDependencyInjectionTestExecutionListener@6b27973b, org.springframework.test.context.support.DirtiesContextTestExecutionListener@62ae4f99, org.springframework.boot.test.autoconfigure.restdocs.RestDocsTestExecutionListener@158717, org.springframework.boot.test.autoconfigure.web.client.MockRestServiceServerResetTestExecutionListener@4c18eab2, org.springframework.boot.test.autoconfigure.web.servlet.MockMvcPrintOnlyOnFailureTestExecutionListener@1b512245, org.springframework.boot.test.autoconfigure.web.servlet.WebDriverTestExecutionListener@b137431, org.springframework.boot.test.mock.mockito.ResetMocksTestExecutionListener@2792777b]

  .   ____          _            __ _ _
 /\\ / ___'_ __ _ _(_)_ __  __ _ \ \ \ \
( ( )\___ | '_ | '_| | '_ \/ _` | \ \ \ \
 \\/  ___)| |_)| | | | | || (_| |  ) ) ) )
  '  |____| .__|_| |_|_| |_\__, | / / / /
 =========|_|==============|___/=/_/_/_/
 :: Spring Boot ::        (v2.1.6.RELEASE)

2021-03-14 16:19:41.880 warn 17452 --- [    Test worker] ory$DuplicateJsonObjectContextCustomizer : 

Found multiple occurrences of org.json.JSONObject on the class path:

	jar:file:/C:/Users/hfx28/.gradle/caches/modules-2/files-2.1/org.json/json/20201115/f8e7a9953822c90e0701c3cd50764b5e9063f85c/json-20201115.jar!/org/json/JSONObject.class
	jar:file:/C:/Users/hfx28/.gradle/caches/modules-2/files-2.1/com.vaadin.external.google/android-json/0.0.20131108.vaadin1/fa26d351fe62a6a17f5cda1287c1c6110dec413f/android-json-0.0.20131108.vaadin1.jar!/org/json/JSONObject.class

You may wish to exclude one of them to ensure predictable runtime behavior

2021-03-14 16:19:41.881 warn 17452 --- [    Test worker] tourGuide.LocationControllerTest         : Starting LocationControllerTest on LAPTOP-O34I53V9 with PID 17452 (started by hfx28 in D:\DAJ - Projet 8\JavaPathENProject8-master\TourGuide)
2021-03-14 16:19:41.882 warn 17452 --- [    Test worker] tourGuide.LocationControllerTest         : No active profile set, falling back to default profiles: default
2021-03-14 16:19:42.294 warn 17452 --- [    Test worker] o.s.s.concurrent.ThreadPoolTaskExecutor  : Initializing ExecutorService 'applicationTaskExecutor'
2021-03-14 16:19:42.422 warn 17452 --- [    Test worker] o.s.b.t.m.w.SpringBootMockServletContext : Initializing Spring TestDispatcherServlet ''
2021-03-14 16:19:42.423 warn 17452 --- [    Test worker] o.s.t.web.servlet.TestDispatcherServlet  : Initializing Servlet ''
2021-03-14 16:19:42.431 warn 17452 --- [    Test worker] o.s.t.web.servlet.TestDispatcherServlet  : Completed initialization in 8 ms
2021-03-14 16:19:42.447 warn 17452 --- [    Test worker] tourGuide.LocationControllerTest         : Started LocationControllerTest in 0.588 seconds (JVM running for 10.994)
]]></system-out>
  <system-err><![CDATA[]]></system-err>
</testsuite>
