<?xml version="1.0" encoding="UTF-8"?>
<testsuite name="tourGuide.TestPerformance" tests="4" skipped="0" failures="0" errors="0" timestamp="2021-03-17T22:33:14" hostname="LAPTOP-O34I53V9" time="0.26">
  <properties/>
  <testcase name="highVolumeGetFiveNearAttractions" classname="tourGuide.TestPerformance" time="0.031"/>
  <testcase name="highVolumeTrackLocation" classname="tourGuide.TestPerformance" time="0.015"/>
  <testcase name="highVolumeGetRewards" classname="tourGuide.TestPerformance" time="0.027"/>
  <testcase name="highVolumeGetAllUsersLocation" classname="tourGuide.TestPerformance" time="0.041"/>
  <system-out><![CDATA[2021-03-17 23:33:13.990 warn 2512 --- [    Test worker] tourGuide.service.TestService            : TestMode enabled
2021-03-17 23:33:14.005 warn 2512 --- [    Test worker] tourGuide.service.TestService            : TestMode enabled
highVolumeGetFive: Time Elapsed: 0 seconds.
2021-03-17 23:33:14.047 warn 2512 --- [    Test worker] tourGuide.service.TestService            : TestMode enabled
2021-03-17 23:33:14.060 warn 2512 --- [    Test worker] tourGuide.service.TestService            : TestMode enabled
highVolumeTrackLocation: Time Elapsed: 0 seconds.
2021-03-17 23:33:14.081 warn 2512 --- [    Test worker] tourGuide.service.TestService            : TestMode enabled
2021-03-17 23:33:14.150 warn 2512 --- [    Test worker] tourGuide.service.TestService            : TestMode enabled
highVolumeGetRewards: Time Elapsed: 0 seconds.
2021-03-17 23:33:14.185 warn 2512 --- [    Test worker] tourGuide.service.TestService            : TestMode enabled
2021-03-17 23:33:14.205 warn 2512 --- [    Test worker] tourGuide.service.TestService            : TestMode enabled
highVolumeGetAllUsers: Time Elapsed: 0 seconds.
]]></system-out>
  <system-err><![CDATA[]]></system-err>
</testsuite>
